TN:
SF:controllers\archiveController.js
FN:18,(anonymous_0)
FN:66,(anonymous_1)
FN:89,(anonymous_2)
FN:129,(anonymous_3)
FN:130,(anonymous_4)
FN:149,(anonymous_5)
FN:174,(anonymous_6)
FN:264,(anonymous_7)
FNF:8
FNH:0
FNDA:0,(anonymous_0)
FNDA:0,(anonymous_1)
FNDA:0,(anonymous_2)
FNDA:0,(anonymous_3)
FNDA:0,(anonymous_4)
FNDA:0,(anonymous_5)
FNDA:0,(anonymous_6)
FNDA:0,(anonymous_7)
DA:1,0
DA:2,0
DA:3,0
DA:4,0
DA:5,0
DA:6,0
DA:10,0
DA:18,0
DA:19,0
DA:20,0
DA:23,0
DA:26,0
DA:27,0
DA:30,0
DA:31,0
DA:32,0
DA:35,0
DA:36,0
DA:37,0
DA:41,0
DA:42,0
DA:43,0
DA:47,0
DA:48,0
DA:49,0
DA:50,0
DA:52,0
DA:53,0
DA:54,0
DA:56,0
DA:66,0
DA:67,0
DA:69,0
DA:70,0
DA:72,0
DA:74,0
DA:78,0
DA:79,0
DA:80,0
DA:89,0
DA:90,0
DA:91,0
DA:92,0
DA:95,0
DA:96,0
DA:97,0
DA:101,0
DA:103,0
DA:104,0
DA:107,0
DA:108,0
DA:109,0
DA:111,0
DA:112,0
DA:118,0
DA:129,0
DA:130,0
DA:132,0
DA:138,0
DA:139,0
DA:149,0
DA:150,0
DA:151,0
DA:152,0
DA:155,0
DA:156,0
DA:157,0
DA:161,0
DA:163,0
DA:164,0
DA:174,0
DA:175,0
DA:176,0
DA:177,0
DA:180,0
DA:181,0
DA:182,0
DA:185,0
DA:188,0
DA:190,0
DA:192,0
DA:194,0
DA:195,0
DA:197,0
DA:199,0
DA:207,0
DA:208,0
DA:209,0
DA:210,0
DA:215,0
DA:217,0
DA:224,0
DA:225,0
DA:226,0
DA:229,0
DA:230,0
DA:232,0
DA:237,0
DA:238,0
DA:240,0
DA:244,0
DA:253,0
DA:254,0
DA:264,0
DA:265,0
DA:266,0
DA:268,0
DA:269,0
DA:272,0
DA:275,0
DA:276,0
DA:277,0
DA:280,0
DA:283,0
DA:284,0
DA:285,0
DA:291,0
DA:293,0
DA:298,0
DA:299,0
LF:120
LH:0
BRDA:18,0,0,0
BRDA:23,1,0,0
BRDA:23,1,1,0
BRDA:35,2,0,0
BRDA:35,2,1,0
BRDA:41,3,0,0
BRDA:41,3,1,0
BRDA:41,4,0,0
BRDA:41,4,1,0
BRDA:41,4,2,0
BRDA:53,5,0,0
BRDA:53,5,1,0
BRDA:69,6,0,0
BRDA:69,6,1,0
BRDA:69,6,2,0
BRDA:69,6,3,0
BRDA:69,6,4,0
BRDA:69,6,5,0
BRDA:69,6,6,0
BRDA:69,6,7,0
BRDA:69,6,8,0
BRDA:69,6,9,0
BRDA:69,6,10,0
BRDA:91,7,0,0
BRDA:91,7,1,0
BRDA:96,8,0,0
BRDA:96,8,1,0
BRDA:111,9,0,0
BRDA:111,9,1,0
BRDA:139,10,0,0
BRDA:139,10,1,0
BRDA:140,11,0,0
BRDA:140,11,1,0
BRDA:156,12,0,0
BRDA:156,12,1,0
BRDA:164,13,0,0
BRDA:164,13,1,0
BRDA:165,14,0,0
BRDA:165,14,1,0
BRDA:181,15,0,0
BRDA:181,15,1,0
BRDA:188,16,0,0
BRDA:188,16,1,0
BRDA:188,16,2,0
BRDA:188,16,3,0
BRDA:188,16,4,0
BRDA:188,16,5,0
BRDA:188,16,6,0
BRDA:188,16,7,0
BRDA:188,16,8,0
BRDA:188,16,9,0
BRDA:188,16,10,0
BRDA:188,16,11,0
BRDA:254,17,0,0
BRDA:254,17,1,0
BRDA:255,18,0,0
BRDA:255,18,1,0
BRDA:268,19,0,0
BRDA:268,19,1,0
BRDA:268,20,0,0
BRDA:268,20,1,0
BRDA:268,20,2,0
BRDA:276,21,0,0
BRDA:276,21,1,0
BRDA:299,22,0,0
BRDA:299,22,1,0
BRDA:300,23,0,0
BRDA:300,23,1,0
BRF:68
BRH:0
end_of_record
TN:
SF:controllers\authController.js
FN:23,(anonymous_0)
FN:34,(anonymous_1)
FN:90,(anonymous_2)
FN:114,(anonymous_3)
FN:172,(anonymous_4)
FNF:5
FNH:2
FNDA:10,(anonymous_0)
FNDA:5,(anonymous_1)
FNDA:0,(anonymous_2)
FNDA:0,(anonymous_3)
FNDA:0,(anonymous_4)
DA:6,1
DA:7,1
DA:8,1
DA:9,1
DA:10,1
DA:11,1
DA:12,1
DA:13,1
DA:23,1
DA:24,10
DA:25,10
DA:28,10
DA:31,10
DA:32,9
DA:34,5
DA:36,5
DA:39,5
DA:45,5
DA:52,4
DA:54,4
DA:57,4
DA:65,4
DA:68,4
DA:77,1
DA:78,1
DA:90,1
DA:91,0
DA:95,0
DA:96,0
DA:99,0
DA:101,0
DA:102,0
DA:114,1
DA:115,0
DA:116,0
DA:118,0
DA:119,0
DA:126,0
DA:127,0
DA:128,0
DA:131,0
DA:141,0
DA:142,0
DA:151,0
DA:160,0
DA:161,0
DA:172,1
DA:173,0
DA:174,0
DA:176,0
DA:183,0
DA:186,0
DA:188,0
DA:189,0
DA:193,1
LF:55
LH:29
BRDA:32,0,0,5
BRDA:32,0,1,4
BRDA:32,1,0,9
BRDA:32,1,1,8
BRDA:65,2,0,4
BRDA:65,2,1,0
BRDA:65,3,0,4
BRDA:65,3,1,4
BRDA:95,4,0,0
BRDA:95,4,1,0
BRDA:118,5,0,0
BRDA:118,5,1,0
BRDA:118,6,0,0
BRDA:118,6,1,0
BRDA:141,7,0,0
BRDA:141,7,1,0
BRDA:174,8,0,0
BRDA:174,8,1,0
BRF:18
BRH:7
end_of_record
TN:
SF:controllers\chatbotController.js
FN:8,(anonymous_0)
FN:31,(anonymous_1)
FN:47,(anonymous_2)
FN:66,processOutput
FN:113,formatResults
FN:179,(anonymous_5)
FN:200,(anonymous_6)
FN:201,(anonymous_7)
FN:220,(anonymous_8)
FN:229,(anonymous_9)
FN:268,escapeHtml
FNF:11
FNH:0
FNDA:0,(anonymous_0)
FNDA:0,(anonymous_1)
FNDA:0,(anonymous_2)
FNDA:0,processOutput
FNDA:0,formatResults
FNDA:0,(anonymous_5)
FNDA:0,(anonymous_6)
FNDA:0,(anonymous_7)
FNDA:0,(anonymous_8)
FNDA:0,(anonymous_9)
FNDA:0,escapeHtml
DA:1,0
DA:2,0
DA:3,0
DA:4,0
DA:5,0
DA:7,0
DA:9,0
DA:10,0
DA:12,0
DA:14,0
DA:15,0
DA:16,0
DA:21,0
DA:22,0
DA:23,0
DA:25,0
DA:27,0
DA:29,0
DA:31,0
DA:32,0
DA:33,0
DA:37,0
DA:40,0
DA:41,0
DA:44,0
DA:47,0
DA:48,0
DA:49,0
DA:54,0
DA:57,0
DA:58,0
DA:62,0
DA:67,0
DA:72,0
DA:73,0
DA:74,0
DA:80,0
DA:82,0
DA:83,0
DA:86,0
DA:90,0
DA:97,0
DA:101,0
DA:114,0
DA:116,0
DA:123,0
DA:124,0
DA:125,0
DA:127,0
DA:128,0
DA:129,0
DA:131,0
DA:139,0
DA:140,0
DA:142,0
DA:144,0
DA:145,0
DA:147,0
DA:160,0
DA:161,0
DA:162,0
DA:163,0
DA:164,0
DA:168,0
DA:170,0
DA:172,0
DA:179,0
DA:181,0
DA:182,0
DA:183,0
DA:184,0
DA:185,0
DA:189,0
DA:190,0
DA:191,0
DA:192,0
DA:193,0
DA:197,0
DA:200,0
DA:201,0
DA:203,0
DA:212,0
DA:220,0
DA:221,0
DA:229,0
DA:235,0
DA:240,0
DA:242,0
DA:248,0
DA:269,0
DA:270,0
DA:278,0
LF:92
LH:0
BRDA:10,0,0,0
BRDA:14,1,0,0
BRDA:14,1,1,0
BRDA:14,2,0,0
BRDA:14,2,1,0
BRDA:21,3,0,0
BRDA:21,3,1,0
BRDA:32,4,0,0
BRDA:32,4,1,0
BRDA:40,5,0,0
BRDA:40,5,1,0
BRDA:48,6,0,0
BRDA:48,6,1,0
BRDA:72,7,0,0
BRDA:72,7,1,0
BRDA:72,8,0,0
BRDA:72,8,1,0
BRDA:127,9,0,0
BRDA:127,9,1,0
BRDA:127,10,0,0
BRDA:127,10,1,0
BRDA:144,11,0,0
BRDA:144,11,1,0
BRDA:164,12,0,0
BRDA:164,12,1,0
BRDA:184,13,0,0
BRDA:184,13,1,0
BRDA:184,14,0,0
BRDA:184,14,1,0
BRDA:192,15,0,0
BRDA:192,15,1,0
BRDA:192,16,0,0
BRDA:192,16,1,0
BRDA:269,17,0,0
BRDA:269,17,1,0
BRF:35
BRH:0
end_of_record
TN:
SF:controllers\clientController.js
FN:18,(anonymous_0)
FN:61,(anonymous_1)
FN:85,(anonymous_2)
FN:117,(anonymous_3)
FN:142,(anonymous_4)
FNF:5
FNH:5
FNDA:5,(anonymous_0)
FNDA:4,(anonymous_1)
FNDA:4,(anonymous_2)
FNDA:4,(anonymous_3)
FNDA:4,(anonymous_4)
DA:6,1
DA:7,1
DA:8,1
DA:18,1
DA:19,5
DA:20,5
DA:21,5
DA:23,5
DA:32,5
DA:41,4
DA:48,1
DA:49,1
DA:61,1
DA:62,4
DA:63,4
DA:65,4
DA:68,4
DA:70,3
DA:72,1
DA:73,1
DA:85,1
DA:86,4
DA:87,4
DA:89,4
DA:95,4
DA:97,3
DA:104,1
DA:105,1
DA:117,1
DA:118,4
DA:119,4
DA:120,4
DA:122,4
DA:125,4
DA:127,3
DA:129,1
DA:130,1
DA:142,1
DA:143,4
DA:144,4
DA:146,4
DA:149,4
DA:151,3
DA:153,1
DA:154,1
DA:158,1
LF:46
LH:46
BRDA:20,0,0,3
BRDA:20,1,0,3
BRDA:21,2,0,5
BRDA:21,2,1,0
BRF:4
BRH:3
end_of_record
TN:
SF:controllers\enumController.js
FN:5,(anonymous_0)
FN:16,(anonymous_1)
FN:46,(anonymous_2)
FN:77,(anonymous_3)
FN:126,(anonymous_4)
FN:160,(anonymous_5)
FN:185,(anonymous_6)
FN:233,(anonymous_7)
FN:261,(anonymous_8)
FN:266,(anonymous_9)
FN:284,(anonymous_10)
FN:309,(anonymous_11)
FN:353,(anonymous_12)
FN:364,(anonymous_13)
FN:394,(anonymous_14)
FN:432,(anonymous_15)
FN:479,(anonymous_16)
FN:482,(anonymous_17)
FNF:18
FNH:0
FNDA:0,(anonymous_0)
FNDA:0,(anonymous_1)
FNDA:0,(anonymous_2)
FNDA:0,(anonymous_3)
FNDA:0,(anonymous_4)
FNDA:0,(anonymous_5)
FNDA:0,(anonymous_6)
FNDA:0,(anonymous_7)
FNDA:0,(anonymous_8)
FNDA:0,(anonymous_9)
FNDA:0,(anonymous_10)
FNDA:0,(anonymous_11)
FNDA:0,(anonymous_12)
FNDA:0,(anonymous_13)
FNDA:0,(anonymous_14)
FNDA:0,(anonymous_15)
FNDA:0,(anonymous_16)
FNDA:0,(anonymous_17)
DA:1,0
DA:2,0
DA:5,0
DA:6,0
DA:7,0
DA:8,0
DA:10,0
DA:11,0
DA:16,0
DA:17,0
DA:18,0
DA:20,0
DA:21,0
DA:27,0
DA:29,0
DA:37,0
DA:38,0
DA:46,0
DA:47,0
DA:48,0
DA:50,0
DA:51,0
DA:57,0
DA:59,0
DA:60,0
DA:66,0
DA:68,0
DA:69,0
DA:77,0
DA:78,0
DA:79,0
DA:82,0
DA:83,0
DA:84,0
DA:91,0
DA:92,0
DA:93,0
DA:103,0
DA:104,0
DA:105,0
DA:112,0
DA:117,0
DA:118,0
DA:126,0
DA:127,0
DA:128,0
DA:129,0
DA:131,0
DA:132,0
DA:139,0
DA:141,0
DA:142,0
DA:149,0
DA:150,0
DA:157,0
DA:160,0
DA:161,0
DA:164,0
DA:166,0
DA:176,0
DA:177,0
DA:185,0
DA:186,0
DA:188,0
DA:189,0
DA:190,0
DA:192,0
DA:193,0
DA:200,0
DA:203,0
DA:205,0
DA:206,0
DA:213,0
DA:214,0
DA:221,0
DA:222,0
DA:229,0
DA:231,0
DA:232,0
DA:233,0
DA:234,0
DA:236,0
DA:237,0
DA:241,0
DA:242,0
DA:243,0
DA:249,0
DA:250,0
DA:256,0
DA:259,0
DA:261,0
DA:262,0
DA:263,0
DA:266,0
DA:267,0
DA:269,0
DA:270,0
DA:272,0
DA:276,0
DA:278,0
DA:284,0
DA:289,0
DA:290,0
DA:292,0
DA:299,0
DA:300,0
DA:301,0
DA:309,0
DA:310,0
DA:312,0
DA:313,0
DA:314,0
DA:316,0
DA:317,0
DA:324,0
DA:326,0
DA:327,0
DA:334,0
DA:335,0
DA:342,0
DA:343,0
DA:345,0
DA:346,0
DA:353,0
DA:356,0
DA:357,0
DA:364,0
DA:365,0
DA:368,0
DA:371,0
DA:373,0
DA:384,0
DA:385,0
DA:386,0
DA:394,0
DA:395,0
DA:396,0
DA:398,0
DA:399,0
DA:406,0
DA:407,0
DA:412,0
DA:423,0
DA:424,0
DA:432,0
DA:433,0
DA:435,0
DA:436,0
DA:437,0
DA:439,0
DA:440,0
DA:447,0
DA:449,0
DA:450,0
DA:457,0
DA:458,0
DA:464,0
DA:465,0
DA:472,0
DA:473,0
DA:479,0
DA:482,0
DA:483,0
DA:486,0
DA:489,0
DA:491,0
DA:502,0
DA:503,0
DA:504,0
LF:169
LH:0
BRDA:20,0,0,0
BRDA:20,0,1,0
BRDA:50,1,0,0
BRDA:50,1,1,0
BRDA:50,2,0,0
BRDA:50,2,1,0
BRDA:59,3,0,0
BRDA:59,3,1,0
BRDA:82,4,0,0
BRDA:82,4,1,0
BRDA:82,5,0,0
BRDA:82,5,1,0
BRDA:91,6,0,0
BRDA:91,6,1,0
BRDA:91,7,0,0
BRDA:91,7,1,0
BRDA:103,8,0,0
BRDA:103,8,1,0
BRDA:103,9,0,0
BRDA:103,9,1,0
BRDA:131,10,0,0
BRDA:131,10,1,0
BRDA:131,11,0,0
BRDA:131,11,1,0
BRDA:131,11,2,0
BRDA:141,12,0,0
BRDA:141,12,1,0
BRDA:149,13,0,0
BRDA:149,13,1,0
BRDA:192,14,0,0
BRDA:192,14,1,0
BRDA:192,15,0,0
BRDA:192,15,1,0
BRDA:192,15,2,0
BRDA:192,15,3,0
BRDA:205,16,0,0
BRDA:205,16,1,0
BRDA:213,17,0,0
BRDA:213,17,1,0
BRDA:221,18,0,0
BRDA:221,18,1,0
BRDA:221,19,0,0
BRDA:221,19,1,0
BRDA:231,20,0,0
BRDA:231,20,1,0
BRDA:259,21,0,0
BRDA:259,21,1,0
BRDA:262,22,0,0
BRDA:262,22,1,0
BRDA:284,23,0,0
BRDA:284,23,1,0
BRDA:316,24,0,0
BRDA:316,24,1,0
BRDA:316,25,0,0
BRDA:316,25,1,0
BRDA:316,25,2,0
BRDA:326,26,0,0
BRDA:326,26,1,0
BRDA:334,27,0,0
BRDA:334,27,1,0
BRDA:345,28,0,0
BRDA:345,28,1,0
BRDA:356,29,0,0
BRDA:356,29,1,0
BRDA:398,30,0,0
BRDA:398,30,1,0
BRDA:398,31,0,0
BRDA:398,31,1,0
BRDA:398,31,2,0
BRDA:439,32,0,0
BRDA:439,32,1,0
BRDA:439,33,0,0
BRDA:439,33,1,0
BRDA:439,33,2,0
BRDA:439,33,3,0
BRDA:449,34,0,0
BRDA:449,34,1,0
BRDA:457,35,0,0
BRDA:457,35,1,0
BRDA:464,36,0,0
BRDA:464,36,1,0
BRF:81
BRH:0
end_of_record
TN:
SF:controllers\fileController.js
FN:19,(anonymous_0)
FN:63,(anonymous_1)
FN:102,(anonymous_2)
FN:134,(anonymous_3)
FN:163,(anonymous_4)
FN:194,(anonymous_5)
FN:224,(anonymous_6)
FN:250,(anonymous_7)
FNF:8
FNH:0
FNDA:0,(anonymous_0)
FNDA:0,(anonymous_1)
FNDA:0,(anonymous_2)
FNDA:0,(anonymous_3)
FNDA:0,(anonymous_4)
FNDA:0,(anonymous_5)
FNDA:0,(anonymous_6)
FNDA:0,(anonymous_7)
DA:6,0
DA:7,0
DA:8,0
DA:9,0
DA:10,0
DA:19,0
DA:20,0
DA:21,0
DA:22,0
DA:24,0
DA:25,0
DA:28,0
DA:35,0
DA:41,0
DA:51,0
DA:52,0
DA:63,0
DA:64,0
DA:65,0
DA:67,0
DA:74,0
DA:75,0
DA:79,0
DA:84,0
DA:90,0
DA:91,0
DA:102,0
DA:103,0
DA:104,0
DA:105,0
DA:107,0
DA:114,0
DA:120,0
DA:122,0
DA:123,0
DA:134,0
DA:135,0
DA:136,0
DA:138,0
DA:141,0
DA:144,0
DA:145,0
DA:148,0
DA:149,0
DA:151,0
DA:152,0
DA:163,0
DA:164,0
DA:165,0
DA:167,0
DA:170,0
DA:173,0
DA:174,0
DA:177,0
DA:179,0
DA:180,0
DA:182,0
DA:183,0
DA:194,0
DA:195,0
DA:196,0
DA:198,0
DA:201,0
DA:203,0
DA:209,0
DA:210,0
DA:212,0
DA:213,0
DA:224,0
DA:225,0
DA:226,0
DA:228,0
DA:231,0
DA:233,0
DA:235,0
DA:236,0
DA:238,0
DA:239,0
DA:250,0
DA:251,0
DA:252,0
DA:253,0
DA:256,0
DA:257,0
DA:260,0
DA:268,0
DA:275,0
DA:281,0
DA:282,0
DA:284,0
DA:285,0
DA:287,0
DA:288,0
DA:292,0
LF:94
LH:0
BRDA:24,0,0,0
BRDA:24,0,1,0
BRDA:24,1,0,0
BRDA:24,1,1,0
BRDA:74,2,0,0
BRDA:74,2,1,0
BRDA:74,3,0,0
BRDA:74,3,1,0
BRDA:148,4,0,0
BRDA:148,4,1,0
BRDA:179,5,0,0
BRDA:179,5,1,0
BRDA:209,6,0,0
BRDA:209,6,1,0
BRDA:235,7,0,0
BRDA:235,7,1,0
BRDA:256,8,0,0
BRDA:256,8,1,0
BRDA:256,9,0,0
BRDA:256,9,1,0
BRDA:269,10,0,0
BRDA:269,10,1,0
BRDA:281,11,0,0
BRDA:281,11,1,0
BRDA:284,12,0,0
BRDA:284,12,1,0
BRF:26
BRH:0
end_of_record
TN:
SF:controllers\furnaceController.js
FN:8,(anonymous_0)
FN:44,(anonymous_1)
FN:70,(anonymous_2)
FN:90,(anonymous_3)
FN:157,(anonymous_4)
FN:173,(anonymous_5)
FN:243,(anonymous_6)
FNF:7
FNH:0
FNDA:0,(anonymous_0)
FNDA:0,(anonymous_1)
FNDA:0,(anonymous_2)
FNDA:0,(anonymous_3)
FNDA:0,(anonymous_4)
FNDA:0,(anonymous_5)
FNDA:0,(anonymous_6)
DA:1,0
DA:2,0
DA:3,0
DA:8,0
DA:9,0
DA:10,0
DA:12,0
DA:23,0
DA:27,0
DA:36,0
DA:37,0
DA:44,0
DA:45,0
DA:46,0
DA:48,0
DA:56,0
DA:57,0
DA:60,0
DA:62,0
DA:63,0
DA:70,0
DA:71,0
DA:72,0
DA:75,0
DA:76,0
DA:80,0
DA:81,0
DA:82,0
DA:83,0
DA:84,0
DA:86,0
DA:90,0
DA:92,0
DA:103,0
DA:114,0
DA:121,0
DA:122,0
DA:127,0
DA:128,0
DA:136,0
DA:140,0
DA:147,0
DA:149,0
DA:150,0
DA:157,0
DA:158,0
DA:159,0
DA:160,0
DA:162,0
DA:169,0
DA:170,0
DA:173,0
DA:175,0
DA:176,0
DA:177,0
DA:179,0
DA:186,0
DA:187,0
DA:195,0
DA:196,0
DA:197,0
DA:198,0
DA:203,0
DA:209,0
DA:210,0
DA:211,0
DA:212,0
DA:213,0
DA:214,0
DA:215,0
DA:217,0
DA:218,0
DA:226,0
DA:233,0
DA:235,0
DA:236,0
DA:243,0
DA:244,0
DA:245,0
DA:247,0
DA:251,0
DA:252,0
DA:256,0
DA:258,0
DA:260,0
DA:261,0
LF:86
LH:0
BRDA:10,0,0,0
BRDA:10,1,0,0
BRDA:56,2,0,0
BRDA:56,2,1,0
BRDA:75,3,0,0
BRDA:75,3,1,0
BRDA:81,4,0,0
BRDA:81,4,1,0
BRDA:83,5,0,0
BRDA:83,5,1,0
BRDA:94,6,0,0
BRDA:94,6,1,0
BRDA:121,7,0,0
BRDA:121,7,1,0
BRDA:169,8,0,0
BRDA:169,8,1,0
BRDA:175,9,0,0
BRDA:175,9,1,0
BRDA:186,10,0,0
BRDA:186,10,1,0
BRDA:210,11,0,0
BRDA:210,11,1,0
BRDA:211,12,0,0
BRDA:211,12,1,0
BRDA:212,13,0,0
BRDA:212,13,1,0
BRDA:213,14,0,0
BRDA:213,14,1,0
BRDA:214,15,0,0
BRDA:214,15,1,0
BRDA:215,16,0,0
BRDA:215,16,1,0
BRDA:217,17,0,0
BRDA:217,17,1,0
BRDA:251,18,0,0
BRDA:251,18,1,0
BRF:36
BRH:0
end_of_record
TN:
SF:controllers\logController.js
FN:17,(anonymous_0)
FN:51,(anonymous_1)
FN:103,(anonymous_2)
FN:145,(anonymous_3)
FN:170,(anonymous_4)
FN:179,(anonymous_5)
FN:240,(anonymous_6)
FNF:7
FNH:0
FNDA:0,(anonymous_0)
FNDA:0,(anonymous_1)
FNDA:0,(anonymous_2)
FNDA:0,(anonymous_3)
FNDA:0,(anonymous_4)
FNDA:0,(anonymous_5)
FNDA:0,(anonymous_6)
DA:1,0
DA:2,0
DA:18,0
DA:32,0
DA:35,0
DA:36,0
DA:39,0
DA:51,0
DA:52,0
DA:55,0
DA:60,0
DA:63,0
DA:82,0
DA:83,0
DA:85,0
DA:95,0
DA:104,0
DA:105,0
DA:107,0
DA:110,0
DA:123,0
DA:125,0
DA:127,0
DA:137,0
DA:146,0
DA:156,0
DA:158,0
DA:170,0
DA:171,0
DA:175,0
DA:178,0
DA:179,0
DA:180,0
DA:181,0
DA:182,0
DA:183,0
DA:184,0
DA:185,0
DA:186,0
DA:187,0
DA:188,0
DA:190,0
DA:193,0
DA:196,0
DA:215,0
DA:216,0
DA:217,0
DA:219,0
DA:220,0
DA:222,0
DA:232,0
DA:241,0
DA:242,0
DA:244,0
DA:245,0
DA:248,0
DA:251,0
DA:267,0
DA:271,0
DA:273,0
DA:283,0
DA:288,0
LF:62
LH:0
BRDA:20,0,0,0
BRDA:21,1,0,0
BRDA:30,2,0,0
BRDA:31,3,0,0
BRDA:35,4,0,0
BRDA:35,4,1,0
BRDA:35,5,0,0
BRDA:35,5,1,0
BRDA:35,5,2,0
BRDA:52,6,0,0
BRDA:52,6,1,0
BRDA:171,7,0,0
BRDA:171,7,1,0
BRDA:183,8,0,0
BRDA:183,8,1,0
BRDA:184,9,0,0
BRDA:184,9,1,0
BRDA:185,10,0,0
BRDA:185,10,1,0
BRDA:187,11,0,0
BRDA:187,11,1,0
BRDA:188,12,0,0
BRDA:188,12,1,0
BRDA:242,13,0,0
BRDA:244,14,0,0
BRDA:244,14,1,0
BRDA:244,15,0,0
BRDA:244,15,1,0
BRF:28
BRH:0
end_of_record
TN:
SF:controllers\nodeController.js
FN:9,(anonymous_0)
FN:46,(anonymous_1)
FN:73,(anonymous_2)
FN:100,(anonymous_3)
FN:136,(anonymous_4)
FN:167,(anonymous_5)
FN:192,(anonymous_6)
FN:209,(anonymous_7)
FN:234,(anonymous_8)
FNF:9
FNH:0
FNDA:0,(anonymous_0)
FNDA:0,(anonymous_1)
FNDA:0,(anonymous_2)
FNDA:0,(anonymous_3)
FNDA:0,(anonymous_4)
FNDA:0,(anonymous_5)
FNDA:0,(anonymous_6)
FNDA:0,(anonymous_7)
FNDA:0,(anonymous_8)
DA:1,0
DA:2,0
DA:3,0
DA:9,0
DA:10,0
DA:11,0
DA:13,0
DA:22,0
DA:30,0
DA:32,0
DA:34,0
DA:35,0
DA:38,0
DA:46,0
DA:47,0
DA:48,0
DA:50,0
DA:53,0
DA:55,0
DA:57,0
DA:59,0
DA:60,0
DA:61,0
DA:62,0
DA:65,0
DA:73,0
DA:74,0
DA:75,0
DA:77,0
DA:80,0
DA:85,0
DA:87,0
DA:89,0
DA:90,0
DA:93,0
DA:100,0
DA:101,0
DA:102,0
DA:104,0
DA:111,0
DA:119,0
DA:121,0
DA:123,0
DA:124,0
DA:125,0
DA:126,0
DA:129,0
DA:136,0
DA:137,0
DA:138,0
DA:139,0
DA:141,0
DA:147,0
DA:152,0
DA:154,0
DA:156,0
DA:157,0
DA:160,0
DA:167,0
DA:168,0
DA:169,0
DA:171,0
DA:174,0
DA:176,0
DA:178,0
DA:180,0
DA:181,0
DA:184,0
DA:192,0
DA:193,0
DA:194,0
DA:197,0
DA:199,0
DA:203,0
DA:204,0
DA:209,0
DA:210,0
DA:211,0
DA:213,0
DA:220,0
DA:226,0
DA:228,0
DA:229,0
DA:234,0
DA:235,0
DA:236,0
DA:237,0
DA:239,0
DA:242,0
DA:244,0
DA:246,0
DA:248,0
DA:249,0
DA:252,0
LF:94
LH:0
BRDA:11,0,0,0
BRDA:11,1,0,0
BRDA:11,2,0,0
BRDA:11,3,0,0
BRDA:34,4,0,0
BRDA:34,4,1,0
BRDA:59,5,0,0
BRDA:59,5,1,0
BRDA:61,6,0,0
BRDA:61,6,1,0
BRDA:75,7,0,0
BRDA:89,8,0,0
BRDA:89,8,1,0
BRDA:123,9,0,0
BRDA:123,9,1,0
BRDA:125,10,0,0
BRDA:125,10,1,0
BRDA:142,11,0,0
BRDA:142,11,1,0
BRDA:156,12,0,0
BRDA:156,12,1,0
BRDA:180,13,0,0
BRDA:180,13,1,0
BRDA:211,14,0,0
BRDA:211,15,0,0
BRDA:211,16,0,0
BRDA:248,17,0,0
BRDA:248,17,1,0
BRF:28
BRH:0
end_of_record
TN:
SF:controllers\orderController.js
FN:19,(anonymous_0)
FN:69,(anonymous_1)
FN:93,(anonymous_2)
FN:125,(anonymous_3)
FN:150,(anonymous_4)
FNF:5
FNH:0
FNDA:0,(anonymous_0)
FNDA:0,(anonymous_1)
FNDA:0,(anonymous_2)
FNDA:0,(anonymous_3)
FNDA:0,(anonymous_4)
DA:6,0
DA:7,0
DA:8,0
DA:9,0
DA:19,0
DA:20,0
DA:21,0
DA:22,0
DA:29,0
DA:38,0
DA:48,0
DA:55,0
DA:56,0
DA:69,0
DA:70,0
DA:71,0
DA:73,0
DA:76,0
DA:78,0
DA:80,0
DA:81,0
DA:93,0
DA:94,0
DA:95,0
DA:97,0
DA:103,0
DA:105,0
DA:112,0
DA:113,0
DA:125,0
DA:126,0
DA:127,0
DA:128,0
DA:130,0
DA:133,0
DA:135,0
DA:137,0
DA:138,0
DA:150,0
DA:151,0
DA:152,0
DA:154,0
DA:157,0
DA:159,0
DA:161,0
DA:162,0
DA:166,0
LF:47
LH:0
BRDA:22,0,0,0
BRDA:22,0,1,0
BRF:2
BRH:0
end_of_record
TN:
SF:controllers\partController.js
FN:18,(anonymous_0)
FN:63,(anonymous_1)
FN:89,(anonymous_2)
FN:121,(anonymous_3)
FN:146,(anonymous_4)
FNF:5
FNH:0
FNDA:0,(anonymous_0)
FNDA:0,(anonymous_1)
FNDA:0,(anonymous_2)
FNDA:0,(anonymous_3)
FNDA:0,(anonymous_4)
DA:6,0
DA:7,0
DA:8,0
DA:18,0
DA:19,0
DA:20,0
DA:21,0
DA:23,0
DA:33,0
DA:43,0
DA:50,0
DA:51,0
DA:63,0
DA:64,0
DA:65,0
DA:67,0
DA:70,0
DA:72,0
DA:74,0
DA:76,0
DA:77,0
DA:89,0
DA:90,0
DA:91,0
DA:93,0
DA:99,0
DA:101,0
DA:108,0
DA:109,0
DA:121,0
DA:122,0
DA:123,0
DA:124,0
DA:126,0
DA:129,0
DA:131,0
DA:133,0
DA:134,0
DA:146,0
DA:147,0
DA:148,0
DA:150,0
DA:153,0
DA:155,0
DA:157,0
DA:158,0
DA:162,0
LF:47
LH:0
BRDA:20,0,0,0
BRDA:20,1,0,0
BRDA:21,2,0,0
BRDA:21,2,1,0
BRF:4
BRH:0
end_of_record
TN:
SF:controllers\searchController.js
FN:76,(anonymous_0)
FN:77,(anonymous_1)
FN:78,(anonymous_2)
FN:79,(anonymous_3)
FN:80,(anonymous_4)
FN:86,(anonymous_5)
FN:111,(anonymous_6)
FN:129,(anonymous_7)
FN:231,anyFilterApplied
FN:240,(anonymous_9)
FN:244,getAppliedFilters
FN:254,(anonymous_11)
FN:264,getEntitySpecificFilters
FN:400,(anonymous_13)
FN:439,(anonymous_14)
FN:522,getIncludesForType
FNF:16
FNH:0
FNDA:0,(anonymous_0)
FNDA:0,(anonymous_1)
FNDA:0,(anonymous_2)
FNDA:0,(anonymous_3)
FNDA:0,(anonymous_4)
FNDA:0,(anonymous_5)
FNDA:0,(anonymous_6)
FNDA:0,(anonymous_7)
FNDA:0,anyFilterApplied
FNDA:0,(anonymous_9)
FNDA:0,getAppliedFilters
FNDA:0,(anonymous_11)
FNDA:0,getEntitySpecificFilters
FNDA:0,(anonymous_13)
FNDA:0,(anonymous_14)
FNDA:0,getIncludesForType
DA:4,0
DA:5,0
DA:8,0
DA:75,0
DA:76,0
DA:77,0
DA:78,0
DA:79,0
DA:80,0
DA:86,0
DA:87,0
DA:99,0
DA:101,0
DA:102,0
DA:109,0
DA:110,0
DA:111,0
DA:112,0
DA:117,0
DA:120,0
DA:121,0
DA:124,0
DA:125,0
DA:126,0
DA:129,0
DA:130,0
DA:132,0
DA:133,0
DA:136,0
DA:138,0
DA:141,0
DA:143,0
DA:144,0
DA:147,0
DA:148,0
DA:150,0
DA:152,0
DA:157,0
DA:165,0
DA:172,0
DA:175,0
DA:192,0
DA:195,0
DA:196,0
DA:198,0
DA:199,0
DA:200,0
DA:201,0
DA:206,0
DA:207,0
DA:211,0
DA:221,0
DA:222,0
DA:232,0
DA:240,0
DA:245,0
DA:246,0
DA:254,0
DA:255,0
DA:256,0
DA:260,0
DA:265,0
DA:267,0
DA:269,0
DA:270,0
DA:271,0
DA:272,0
DA:273,0
DA:276,0
DA:277,0
DA:278,0
DA:280,0
DA:281,0
DA:282,0
DA:285,0
DA:286,0
DA:287,0
DA:288,0
DA:291,0
DA:292,0
DA:293,0
DA:300,0
DA:301,0
DA:302,0
DA:303,0
DA:307,0
DA:308,0
DA:312,0
DA:313,0
DA:314,0
DA:319,0
DA:320,0
DA:321,0
DA:322,0
DA:326,0
DA:327,0
DA:331,0
DA:332,0
DA:333,0
DA:336,0
DA:339,0
DA:340,0
DA:341,0
DA:342,0
DA:343,0
DA:344,0
DA:345,0
DA:348,0
DA:349,0
DA:350,0
DA:351,0
DA:355,0
DA:356,0
DA:357,0
DA:363,0
DA:364,0
DA:365,0
DA:369,0
DA:372,0
DA:373,0
DA:374,0
DA:377,0
DA:378,0
DA:379,0
DA:385,0
DA:386,0
DA:387,0
DA:391,0
DA:394,0
DA:400,0
DA:401,0
DA:402,0
DA:413,0
DA:415,0
DA:416,0
DA:422,0
DA:423,0
DA:430,0
DA:433,0
DA:436,0
DA:439,0
DA:440,0
DA:442,0
DA:445,0
DA:447,0
DA:450,0
DA:452,0
DA:453,0
DA:456,0
DA:457,0
DA:459,0
DA:461,0
DA:466,0
DA:474,0
DA:481,0
DA:484,0
DA:497,0
DA:500,0
DA:510,0
DA:511,0
DA:523,0
DA:525,0
DA:527,0
DA:529,0
DA:531,0
DA:533,0
DA:535,0
LF:167
LH:0
BRDA:91,0,0,0
BRDA:92,1,0,0
BRDA:101,2,0,0
BRDA:101,2,1,0
BRDA:101,3,0,0
BRDA:101,3,1,0
BRDA:110,4,0,0
BRDA:110,4,1,0
BRDA:129,5,0,0
BRDA:129,5,1,0
BRDA:130,6,0,0
BRDA:130,6,1,0
BRDA:130,7,0,0
BRDA:130,7,1,0
BRDA:136,8,0,0
BRDA:136,8,1,0
BRDA:141,9,0,0
BRDA:141,9,1,0
BRDA:178,10,0,0
BRDA:178,10,1,0
BRDA:199,11,0,0
BRDA:199,11,1,0
BRDA:240,12,0,0
BRDA:240,12,1,0
BRDA:255,13,0,0
BRDA:255,13,1,0
BRDA:255,14,0,0
BRDA:255,14,1,0
BRDA:267,15,0,0
BRDA:267,15,1,0
BRDA:267,15,2,0
BRDA:267,15,3,0
BRDA:267,15,4,0
BRDA:269,16,0,0
BRDA:269,16,1,0
BRDA:270,17,0,0
BRDA:270,17,1,0
BRDA:271,18,0,0
BRDA:271,18,1,0
BRDA:272,19,0,0
BRDA:272,19,1,0
BRDA:276,20,0,0
BRDA:276,20,1,0
BRDA:280,21,0,0
BRDA:280,21,1,0
BRDA:281,22,0,0
BRDA:281,22,1,0
BRDA:285,23,0,0
BRDA:285,23,1,0
BRDA:286,24,0,0
BRDA:286,24,1,0
BRDA:287,25,0,0
BRDA:287,25,1,0
BRDA:288,26,0,0
BRDA:288,26,1,0
BRDA:291,27,0,0
BRDA:291,27,1,0
BRDA:292,28,0,0
BRDA:292,28,1,0
BRDA:294,29,0,0
BRDA:294,29,1,0
BRDA:300,30,0,0
BRDA:300,30,1,0
BRDA:300,31,0,0
BRDA:300,31,1,0
BRDA:302,32,0,0
BRDA:302,32,1,0
BRDA:307,33,0,0
BRDA:307,33,1,0
BRDA:312,34,0,0
BRDA:312,34,1,0
BRDA:313,35,0,0
BRDA:313,35,1,0
BRDA:319,36,0,0
BRDA:319,36,1,0
BRDA:319,37,0,0
BRDA:319,37,1,0
BRDA:321,38,0,0
BRDA:321,38,1,0
BRDA:326,39,0,0
BRDA:326,39,1,0
BRDA:331,40,0,0
BRDA:331,40,1,0
BRDA:332,41,0,0
BRDA:332,41,1,0
BRDA:339,42,0,0
BRDA:339,42,1,0
BRDA:340,43,0,0
BRDA:340,43,1,0
BRDA:341,44,0,0
BRDA:341,44,1,0
BRDA:342,45,0,0
BRDA:342,45,1,0
BRDA:343,46,0,0
BRDA:343,46,1,0
BRDA:344,47,0,0
BRDA:344,47,1,0
BRDA:345,48,0,0
BRDA:345,48,1,0
BRDA:348,49,0,0
BRDA:348,49,1,0
BRDA:348,50,0,0
BRDA:348,50,1,0
BRDA:350,51,0,0
BRDA:350,51,1,0
BRDA:351,52,0,0
BRDA:351,52,1,0
BRDA:355,53,0,0
BRDA:355,53,1,0
BRDA:356,54,0,0
BRDA:356,54,1,0
BRDA:363,55,0,0
BRDA:363,55,1,0
BRDA:364,56,0,0
BRDA:364,56,1,0
BRDA:372,57,0,0
BRDA:372,57,1,0
BRDA:373,58,0,0
BRDA:373,58,1,0
BRDA:374,59,0,0
BRDA:374,59,1,0
BRDA:377,60,0,0
BRDA:377,60,1,0
BRDA:378,61,0,0
BRDA:378,61,1,0
BRDA:385,62,0,0
BRDA:385,62,1,0
BRDA:386,63,0,0
BRDA:386,63,1,0
BRDA:405,64,0,0
BRDA:406,65,0,0
BRDA:415,66,0,0
BRDA:415,66,1,0
BRDA:415,67,0,0
BRDA:415,67,1,0
BRDA:422,68,0,0
BRDA:422,68,1,0
BRDA:439,69,0,0
BRDA:439,69,1,0
BRDA:440,70,0,0
BRDA:440,70,1,0
BRDA:440,71,0,0
BRDA:440,71,1,0
BRDA:445,72,0,0
BRDA:445,72,1,0
BRDA:450,73,0,0
BRDA:450,73,1,0
BRDA:487,74,0,0
BRDA:487,74,1,0
BRDA:523,75,0,0
BRDA:523,75,1,0
BRDA:523,75,2,0
BRDA:523,75,3,0
BRDA:523,75,4,0
BRDA:523,75,5,0
BRF:155
BRH:0
end_of_record
TN:
SF:controllers\steelController.js
FN:19,(anonymous_0)
FN:70,(anonymous_1)
FN:114,(anonymous_2)
FN:136,(anonymous_3)
FN:160,(anonymous_4)
FN:196,(anonymous_5)
FN:221,(anonymous_6)
FNF:7
FNH:0
FNDA:0,(anonymous_0)
FNDA:0,(anonymous_1)
FNDA:0,(anonymous_2)
FNDA:0,(anonymous_3)
FNDA:0,(anonymous_4)
FNDA:0,(anonymous_5)
FNDA:0,(anonymous_6)
DA:6,0
DA:7,0
DA:8,0
DA:9,0
DA:19,0
DA:20,0
DA:21,0
DA:22,0
DA:23,0
DA:33,0
DA:36,0
DA:37,0
DA:38,0
DA:39,0
DA:41,0
DA:50,0
DA:59,0
DA:62,0
DA:64,0
DA:70,0
DA:84,0
DA:90,0
DA:97,0
DA:98,0
DA:100,0
DA:101,0
DA:102,0
DA:114,0
DA:115,0
DA:116,0
DA:119,0
DA:121,0
DA:123,0
DA:124,0
DA:136,0
DA:137,0
DA:138,0
DA:140,0
DA:143,0
DA:145,0
DA:147,0
DA:148,0
DA:160,0
DA:161,0
DA:162,0
DA:164,0
DA:165,0
DA:166,0
DA:168,0
DA:174,0
DA:176,0
DA:183,0
DA:184,0
DA:196,0
DA:197,0
DA:198,0
DA:199,0
DA:201,0
DA:204,0
DA:206,0
DA:208,0
DA:209,0
DA:221,0
DA:222,0
DA:223,0
DA:225,0
DA:228,0
DA:230,0
DA:232,0
DA:233,0
DA:237,0
LF:71
LH:0
BRDA:29,0,0,0
BRDA:30,1,0,0
BRDA:31,2,0,0
BRDA:32,3,0,0
BRDA:36,4,0,0
BRDA:36,4,1,0
BRDA:37,5,0,0
BRDA:37,5,1,0
BRDA:38,6,0,0
BRDA:38,6,1,0
BRDA:39,7,0,0
BRDA:39,7,1,0
BRDA:56,8,0,0
BRDA:56,8,1,0
BRDA:65,9,0,0
BRDA:65,9,1,0
BRDA:86,10,0,0
BRDA:86,10,1,0
BRF:18
BRH:0
end_of_record
TN:
SF:controllers\systemController.js
FN:13,(anonymous_0)
FN:36,(anonymous_1)
FN:79,(anonymous_2)
FN:165,(anonymous_3)
FN:198,(anonymous_4)
FN:218,(anonymous_5)
FNF:6
FNH:0
FNDA:0,(anonymous_0)
FNDA:0,(anonymous_1)
FNDA:0,(anonymous_2)
FNDA:0,(anonymous_3)
FNDA:0,(anonymous_4)
FNDA:0,(anonymous_5)
DA:5,0
DA:6,0
DA:7,0
DA:13,0
DA:14,0
DA:15,0
DA:19,0
DA:24,0
DA:25,0
DA:36,0
DA:37,0
DA:39,0
DA:46,0
DA:50,0
DA:53,0
DA:62,0
DA:67,0
DA:68,0
DA:79,0
DA:80,0
DA:81,0
DA:83,0
DA:84,0
DA:91,0
DA:92,0
DA:99,0
DA:102,0
DA:103,0
DA:108,0
DA:110,0
DA:111,0
DA:112,0
DA:115,0
DA:117,0
DA:123,0
DA:127,0
DA:128,0
DA:129,0
DA:133,0
DA:135,0
DA:141,0
DA:145,0
DA:153,0
DA:154,0
DA:165,0
DA:166,0
DA:167,0
DA:170,0
DA:172,0
DA:175,0
DA:177,0
DA:179,0
DA:185,0
DA:186,0
DA:198,0
DA:199,0
DA:200,0
DA:201,0
DA:202,0
DA:205,0
DA:213,0
DA:214,0
DA:216,0
DA:217,0
DA:218,0
DA:221,0
DA:222,0
DA:223,0
DA:224,0
DA:225,0
DA:226,0
DA:228,0
DA:234,0
DA:248,0
DA:253,0
DA:254,0
DA:262,0
LF:77
LH:0
BRDA:16,0,0,0
BRDA:16,0,1,0
BRDA:39,1,0,0
BRDA:39,1,1,0
BRDA:46,2,0,0
BRDA:46,2,1,0
BRDA:46,2,2,0
BRDA:50,3,0,0
BRDA:50,3,1,0
BRDA:58,4,0,0
BRDA:58,4,1,0
BRDA:83,5,0,0
BRDA:83,5,1,0
BRDA:91,6,0,0
BRDA:91,6,1,0
BRDA:111,7,0,0
BRDA:111,7,1,0
BRDA:115,8,0,0
BRDA:115,8,1,0
BRDA:133,9,0,0
BRDA:133,9,1,0
BRDA:147,10,0,0
BRDA:147,10,1,0
BRDA:216,11,0,0
BRDA:216,11,1,0
BRDA:222,12,0,0
BRDA:222,12,1,0
BRF:27
BRH:0
end_of_record
TN:
SF:controllers\testController.js
FN:18,(anonymous_0)
FN:63,(anonymous_1)
FN:87,(anonymous_2)
FN:119,(anonymous_3)
FN:144,(anonymous_4)
FN:168,(anonymous_5)
FN:202,(anonymous_6)
FNF:7
FNH:0
FNDA:0,(anonymous_0)
FNDA:0,(anonymous_1)
FNDA:0,(anonymous_2)
FNDA:0,(anonymous_3)
FNDA:0,(anonymous_4)
FNDA:0,(anonymous_5)
FNDA:0,(anonymous_6)
DA:6,0
DA:7,0
DA:8,0
DA:18,0
DA:19,0
DA:20,0
DA:21,0
DA:23,0
DA:33,0
DA:43,0
DA:50,0
DA:51,0
DA:63,0
DA:64,0
DA:65,0
DA:67,0
DA:70,0
DA:72,0
DA:74,0
DA:75,0
DA:87,0
DA:88,0
DA:89,0
DA:91,0
DA:97,0
DA:99,0
DA:106,0
DA:107,0
DA:119,0
DA:120,0
DA:121,0
DA:122,0
DA:124,0
DA:127,0
DA:129,0
DA:131,0
DA:132,0
DA:144,0
DA:145,0
DA:146,0
DA:148,0
DA:151,0
DA:153,0
DA:155,0
DA:156,0
DA:168,0
DA:169,0
DA:170,0
DA:171,0
DA:175,0
DA:176,0
DA:178,0
DA:179,0
DA:182,0
DA:185,0
DA:187,0
DA:189,0
DA:190,0
DA:202,0
DA:203,0
DA:204,0
DA:205,0
DA:207,0
DA:215,0
DA:217,0
DA:218,0
DA:220,0
DA:224,0
DA:228,0
LF:69
LH:0
BRDA:20,0,0,0
BRDA:20,1,0,0
BRDA:21,2,0,0
BRDA:21,2,1,0
BRDA:176,3,0,0
BRDA:176,3,1,0
BRF:6
BRH:0
end_of_record
TN:
SF:controllers\userController.js
FN:19,(anonymous_0)
FN:85,(anonymous_1)
FN:129,(anonymous_2)
FN:153,(anonymous_3)
FN:184,(anonymous_4)
FN:212,(anonymous_5)
FN:243,(anonymous_6)
FN:262,(anonymous_7)
FN:280,(anonymous_8)
FNF:9
FNH:0
FNDA:0,(anonymous_0)
FNDA:0,(anonymous_1)
FNDA:0,(anonymous_2)
FNDA:0,(anonymous_3)
FNDA:0,(anonymous_4)
FNDA:0,(anonymous_5)
FNDA:0,(anonymous_6)
FNDA:0,(anonymous_7)
FNDA:0,(anonymous_8)
DA:6,0
DA:7,0
DA:8,0
DA:9,0
DA:19,0
DA:20,0
DA:21,0
DA:22,0
DA:25,0
DA:28,0
DA:30,0
DA:32,0
DA:38,0
DA:40,0
DA:49,0
DA:50,0
DA:56,0
DA:63,0
DA:65,0
DA:72,0
DA:73,0
DA:85,0
DA:86,0
DA:87,0
DA:94,0
DA:102,0
DA:109,0
DA:116,0
DA:117,0
DA:129,0
DA:130,0
DA:131,0
DA:133,0
DA:136,0
DA:138,0
DA:140,0
DA:141,0
DA:153,0
DA:154,0
DA:155,0
DA:156,0
DA:158,0
DA:159,0
DA:162,0
DA:167,0
DA:169,0
DA:171,0
DA:172,0
DA:184,0
DA:185,0
DA:186,0
DA:187,0
DA:188,0
DA:190,0
DA:195,0
DA:197,0
DA:199,0
DA:200,0
DA:212,0
DA:213,0
DA:214,0
DA:215,0
DA:217,0
DA:218,0
DA:221,0
DA:226,0
DA:228,0
DA:230,0
DA:231,0
DA:243,0
DA:244,0
DA:245,0
DA:248,0
DA:250,0
DA:252,0
DA:253,0
DA:262,0
DA:263,0
DA:264,0
DA:265,0
DA:266,0
DA:267,0
DA:269,0
DA:280,0
DA:281,0
DA:282,0
DA:283,0
DA:285,0
DA:290,0
DA:293,0
DA:294,0
DA:298,0
DA:301,0
DA:303,0
DA:305,0
DA:306,0
DA:310,0
LF:97
LH:0
BRDA:28,0,0,0
BRDA:28,0,1,0
BRDA:28,1,0,0
BRDA:28,1,1,0
BRDA:49,2,0,0
BRDA:49,2,1,0
BRDA:87,3,0,0
BRDA:87,3,1,0
BRDA:158,4,0,0
BRDA:158,4,1,0
BRDA:158,5,0,0
BRDA:158,5,1,0
BRDA:158,5,2,0
BRDA:217,6,0,0
BRDA:217,6,1,0
BRDA:262,7,0,0
BRDA:293,8,0,0
BRDA:293,8,1,0
BRDA:293,9,0,0
BRDA:293,9,1,0
BRF:20
BRH:0
end_of_record
TN:
SF:middleware\access-control.js
FNF:0
FNH:0
DA:21,0
DA:22,0
DA:38,0
DA:52,0
DA:63,0
DA:86,0
DA:108,0
DA:127,0
DA:147,0
DA:153,0
LF:10
LH:0
BRF:0
BRH:0
end_of_record
TN:
SF:middleware\auth.js
FN:46,(anonymous_0)
FN:183,(anonymous_1)
FN:294,(anonymous_2)
FN:295,(anonymous_3)
FN:328,(anonymous_4)
FN:361,(anonymous_5)
FN:396,(anonymous_6)
FNF:7
FNH:2
FNDA:12,(anonymous_0)
FNDA:0,(anonymous_1)
FNDA:0,(anonymous_2)
FNDA:0,(anonymous_3)
FNDA:0,(anonymous_4)
FNDA:0,(anonymous_5)
FNDA:10,(anonymous_6)
DA:14,1
DA:15,1
DA:16,1
DA:17,1
DA:20,1
DA:22,1
DA:46,1
DA:50,12
DA:51,8
DA:53,8
DA:54,0
DA:57,0
DA:58,0
DA:61,0
DA:62,0
DA:68,12
DA:69,6
DA:74,6
DA:76,6
DA:77,2
DA:78,0
DA:79,0
DA:80,0
DA:81,0
DA:82,0
DA:83,0
DA:88,2
DA:89,2
DA:90,2
DA:92,2
DA:93,0
DA:94,0
DA:95,0
DA:99,2
DA:100,0
DA:101,0
DA:102,0
DA:110,2
DA:112,2
DA:113,0
DA:121,2
DA:128,2
DA:129,4
DA:131,4
DA:132,0
DA:135,0
DA:136,0
DA:140,4
DA:141,1
DA:146,3
DA:147,1
DA:153,2
DA:183,1
DA:187,0
DA:188,0
DA:192,0
DA:193,0
DA:197,0
DA:200,0
DA:202,0
DA:203,0
DA:204,0
DA:210,0
DA:213,0
DA:214,0
DA:215,0
DA:217,0
DA:218,0
DA:219,0
DA:223,0
DA:224,0
DA:225,0
DA:232,0
DA:234,0
DA:235,0
DA:242,0
DA:250,0
DA:253,0
DA:255,0
DA:259,0
DA:260,0
DA:266,0
DA:294,1
DA:295,0
DA:297,0
DA:298,0
DA:304,0
DA:328,1
DA:330,0
DA:331,0
DA:337,0
DA:361,1
DA:363,0
DA:364,0
DA:370,0
DA:396,1
DA:398,10
DA:399,7
DA:405,3
DA:408,1
LF:100
LH:40
BRDA:50,0,0,8
BRDA:50,0,1,4
BRDA:50,1,0,12
BRDA:50,1,1,10
BRDA:53,2,0,0
BRDA:53,2,1,8
BRDA:53,3,0,8
BRDA:53,3,1,0
BRDA:54,4,0,0
BRDA:54,4,1,0
BRDA:58,5,0,0
BRDA:58,5,1,0
BRDA:61,6,0,0
BRDA:61,6,1,0
BRDA:68,7,0,6
BRDA:68,7,1,6
BRDA:77,8,0,0
BRDA:77,8,1,2
BRDA:83,9,0,0
BRDA:83,9,1,0
BRDA:88,10,0,2
BRDA:88,10,1,0
BRDA:92,11,0,0
BRDA:92,11,1,2
BRDA:99,12,0,0
BRDA:99,12,1,2
BRDA:112,13,0,0
BRDA:112,13,1,2
BRDA:131,14,0,0
BRDA:131,14,1,4
BRDA:131,15,0,4
BRDA:131,15,1,0
BRDA:132,16,0,0
BRDA:132,16,1,0
BRDA:140,17,0,1
BRDA:140,17,1,3
BRDA:146,18,0,1
BRDA:146,18,1,2
BRDA:187,19,0,0
BRDA:187,19,1,0
BRDA:187,20,0,0
BRDA:187,20,1,0
BRDA:192,21,0,0
BRDA:192,21,1,0
BRDA:202,22,0,0
BRDA:202,22,1,0
BRDA:213,23,0,0
BRDA:213,23,1,0
BRDA:217,24,0,0
BRDA:217,24,1,0
BRDA:223,25,0,0
BRDA:223,25,1,0
BRDA:234,26,0,0
BRDA:234,26,1,0
BRDA:259,27,0,0
BRDA:259,27,1,0
BRDA:297,28,0,0
BRDA:297,28,1,0
BRDA:330,29,0,0
BRDA:330,29,1,0
BRDA:330,30,0,0
BRDA:330,30,1,0
BRDA:363,31,0,0
BRDA:363,31,1,0
BRDA:398,32,0,7
BRDA:398,32,1,3
BRDA:398,33,0,10
BRDA:398,33,1,9
BRDA:398,33,2,7
BRF:69
BRH:24
end_of_record
TN:
SF:middleware\error-handler.js
FN:14,errorHandler
FNF:1
FNH:0
FNDA:0,errorHandler
DA:4,0
DA:5,0
DA:15,0
DA:16,0
DA:19,0
DA:22,0
DA:30,0
DA:39,0
DA:40,0
DA:44,0
DA:45,0
DA:49,0
DA:52,0
LF:13
LH:0
BRDA:15,0,0,0
BRDA:15,0,1,0
BRDA:19,1,0,0
BRDA:19,1,1,0
BRDA:22,2,0,0
BRDA:22,2,1,0
BRDA:34,3,0,0
BRDA:34,3,1,0
BRDA:39,4,0,0
BRDA:39,4,1,0
BRDA:39,5,0,0
BRDA:39,5,1,0
BRDA:44,6,0,0
BRDA:44,6,1,0
BRF:14
BRH:0
end_of_record
TN:
SF:middleware\file-path.js
FN:15,(anonymous_0)
FN:21,(anonymous_1)
FN:49,(anonymous_2)
FNF:3
FNH:0
FNDA:0,(anonymous_0)
FNDA:0,(anonymous_1)
FNDA:0,(anonymous_2)
DA:2,0
DA:3,0
DA:4,0
DA:6,0
DA:15,0
DA:17,0
DA:21,0
DA:24,0
DA:25,0
DA:29,0
DA:30,0
DA:33,0
DA:34,0
DA:35,0
DA:39,0
DA:40,0
DA:41,0
DA:42,0
DA:46,0
DA:49,0
DA:50,0
DA:51,0
DA:54,0
DA:57,0
DA:59,0
DA:60,0
DA:64,0
DA:67,0
DA:68,0
DA:72,0
DA:74,0
DA:76,0
DA:77,0
DA:81,0
LF:34
LH:0
BRDA:29,0,0,0
BRDA:29,0,1,0
BRDA:30,1,0,0
BRDA:30,1,1,0
BRDA:33,2,0,0
BRDA:33,2,1,0
BRDA:39,3,0,0
BRDA:39,3,1,0
BRDA:41,4,0,0
BRDA:41,4,1,0
BRDA:54,5,0,0
BRDA:54,5,1,0
BRDA:59,6,0,0
BRDA:59,6,1,0
BRDA:67,7,0,0
BRDA:67,7,1,0
BRF:16
BRH:0
end_of_record
TN:
SF:middleware\global-read-only.js
FN:29,(anonymous_0)
FNF:1
FNH:0
FNDA:0,(anonymous_0)
DA:27,0
DA:29,0
DA:31,0
DA:32,0
DA:39,0
DA:42,0
LF:6
LH:0
BRDA:31,0,0,0
BRDA:31,0,1,0
BRDA:31,1,0,0
BRDA:31,1,1,0
BRF:4
BRH:0
end_of_record
TN:
SF:middleware\logging.js
FN:18,(anonymous_0)
FN:29,(anonymous_1)
FN:63,(anonymous_2)
FN:65,(anonymous_3)
FN:76,(anonymous_4)
FN:87,(anonymous_5)
FN:88,(anonymous_6)
FN:93,(anonymous_7)
FN:94,(anonymous_8)
FN:95,(anonymous_9)
FN:96,(anonymous_10)
FN:101,(anonymous_11)
FN:102,(anonymous_12)
FN:103,(anonymous_13)
FN:104,(anonymous_14)
FN:109,(anonymous_15)
FN:110,(anonymous_16)
FN:111,(anonymous_17)
FN:112,(anonymous_18)
FN:117,(anonymous_19)
FN:118,(anonymous_20)
FN:119,(anonymous_21)
FN:119,(anonymous_22)
FN:124,(anonymous_23)
FN:125,(anonymous_24)
FN:126,(anonymous_25)
FN:127,(anonymous_26)
FN:132,(anonymous_27)
FN:133,(anonymous_28)
FN:134,(anonymous_29)
FN:139,(anonymous_30)
FN:140,(anonymous_31)
FN:145,(anonymous_32)
FN:146,(anonymous_33)
FN:147,(anonymous_34)
FN:169,(anonymous_35)
FN:224,(anonymous_36)
FN:225,(anonymous_37)
FN:254,(anonymous_38)
FN:257,(anonymous_39)
FN:312,(anonymous_40)
FN:314,(anonymous_41)
FN:343,(anonymous_42)
FNF:43
FNH:0
FNDA:0,(anonymous_0)
FNDA:0,(anonymous_1)
FNDA:0,(anonymous_2)
FNDA:0,(anonymous_3)
FNDA:0,(anonymous_4)
FNDA:0,(anonymous_5)
FNDA:0,(anonymous_6)
FNDA:0,(anonymous_7)
FNDA:0,(anonymous_8)
FNDA:0,(anonymous_9)
FNDA:0,(anonymous_10)
FNDA:0,(anonymous_11)
FNDA:0,(anonymous_12)
FNDA:0,(anonymous_13)
FNDA:0,(anonymous_14)
FNDA:0,(anonymous_15)
FNDA:0,(anonymous_16)
FNDA:0,(anonymous_17)
FNDA:0,(anonymous_18)
FNDA:0,(anonymous_19)
FNDA:0,(anonymous_20)
FNDA:0,(anonymous_21)
FNDA:0,(anonymous_22)
FNDA:0,(anonymous_23)
FNDA:0,(anonymous_24)
FNDA:0,(anonymous_25)
FNDA:0,(anonymous_26)
FNDA:0,(anonymous_27)
FNDA:0,(anonymous_28)
FNDA:0,(anonymous_29)
FNDA:0,(anonymous_30)
FNDA:0,(anonymous_31)
FNDA:0,(anonymous_32)
FNDA:0,(anonymous_33)
FNDA:0,(anonymous_34)
FNDA:0,(anonymous_35)
FNDA:0,(anonymous_36)
FNDA:0,(anonymous_37)
FNDA:0,(anonymous_38)
FNDA:0,(anonymous_39)
FNDA:0,(anonymous_40)
FNDA:0,(anonymous_41)
FNDA:0,(anonymous_42)
DA:1,0
DA:2,0
DA:18,0
DA:19,0
DA:29,0
DA:31,0
DA:32,0
DA:33,0
DA:44,0
DA:45,0
DA:49,0
DA:50,0
DA:63,0
DA:65,0
DA:67,0
DA:70,0
DA:76,0
DA:77,0
DA:80,0
DA:81,0
DA:82,0
DA:84,0
DA:87,0
DA:88,0
DA:93,0
DA:94,0
DA:95,0
DA:96,0
DA:101,0
DA:102,0
DA:103,0
DA:104,0
DA:109,0
DA:110,0
DA:111,0
DA:112,0
DA:117,0
DA:118,0
DA:119,0
DA:124,0
DA:125,0
DA:126,0
DA:127,0
DA:132,0
DA:133,0
DA:134,0
DA:139,0
DA:140,0
DA:145,0
DA:146,0
DA:147,0
DA:151,0
DA:152,0
DA:153,0
DA:154,0
DA:155,0
DA:158,0
DA:159,0
DA:162,0
DA:166,0
DA:168,0
DA:169,0
DA:170,0
DA:173,0
DA:176,0
DA:189,0
DA:190,0
DA:191,0
DA:192,0
DA:193,0
DA:194,0
DA:195,0
DA:198,0
DA:201,0
DA:202,0
DA:203,0
DA:204,0
DA:215,0
DA:218,0
DA:224,0
DA:225,0
DA:226,0
DA:228,0
DA:235,0
DA:236,0
DA:238,0
DA:239,0
DA:243,0
DA:245,0
DA:246,0
DA:254,0
DA:256,0
DA:257,0
DA:259,0
DA:260,0
DA:262,0
DA:263,0
DA:264,0
DA:265,0
DA:266,0
DA:267,0
DA:268,0
DA:270,0
DA:272,0
DA:273,0
DA:274,0
DA:275,0
DA:276,0
DA:277,0
DA:278,0
DA:279,0
DA:280,0
DA:281,0
DA:303,0
DA:306,0
DA:312,0
DA:313,0
DA:314,0
DA:315,0
DA:334,0
DA:337,0
DA:343,0
DA:366,0
DA:369,0
LF:124
LH:0
BRDA:19,0,0,0
BRDA:19,0,1,0
BRDA:19,0,2,0
BRDA:19,0,3,0
BRDA:19,0,4,0
BRDA:22,1,0,0
BRDA:22,1,1,0
BRDA:44,2,0,0
BRDA:44,2,1,0
BRDA:44,3,0,0
BRDA:44,3,1,0
BRDA:44,3,2,0
BRDA:49,4,0,0
BRDA:49,4,1,0
BRDA:67,5,0,0
BRDA:67,5,1,0
BRDA:76,6,0,0
BRDA:76,6,1,0
BRDA:81,7,0,0
BRDA:81,7,1,0
BRDA:81,8,0,0
BRDA:81,8,1,0
BRDA:82,9,0,0
BRDA:82,9,1,0
BRDA:82,10,0,0
BRDA:82,10,1,0
BRDA:87,11,0,0
BRDA:87,11,1,0
BRDA:88,12,0,0
BRDA:88,12,1,0
BRDA:93,13,0,0
BRDA:93,13,1,0
BRDA:101,14,0,0
BRDA:101,14,1,0
BRDA:109,15,0,0
BRDA:109,15,1,0
BRDA:117,16,0,0
BRDA:117,16,1,0
BRDA:124,17,0,0
BRDA:124,17,1,0
BRDA:145,18,0,0
BRDA:145,18,1,0
BRDA:151,19,0,0
BRDA:151,19,1,0
BRDA:152,20,0,0
BRDA:152,20,1,0
BRDA:153,21,0,0
BRDA:153,21,1,0
BRDA:154,22,0,0
BRDA:154,22,1,0
BRDA:158,23,0,0
BRDA:158,23,1,0
BRDA:176,24,0,0
BRDA:176,24,1,0
BRDA:190,25,0,0
BRDA:190,25,1,0
BRDA:190,26,0,0
BRDA:190,26,1,0
BRDA:192,27,0,0
BRDA:192,27,1,0
BRDA:194,28,0,0
BRDA:194,28,1,0
BRDA:202,29,0,0
BRDA:202,29,1,0
BRDA:203,30,0,0
BRDA:203,30,1,0
BRDA:235,31,0,0
BRDA:235,31,1,0
BRDA:235,32,0,0
BRDA:235,32,1,0
BRDA:238,33,0,0
BRDA:238,33,1,0
BRDA:259,34,0,0
BRDA:259,34,1,0
BRDA:259,35,0,0
BRDA:259,35,1,0
BRDA:259,35,2,0
BRDA:264,36,0,0
BRDA:264,36,1,0
BRDA:264,37,0,0
BRDA:264,37,1,0
BRDA:266,38,0,0
BRDA:266,38,1,0
BRDA:267,39,0,0
BRDA:267,39,1,0
BRDA:268,40,0,0
BRDA:268,40,1,0
BRDA:272,41,0,0
BRDA:272,41,1,0
BRDA:274,42,0,0
BRDA:274,42,1,0
BRDA:275,43,0,0
BRDA:275,43,1,0
BRDA:277,44,0,0
BRDA:277,44,1,0
BRDA:278,45,0,0
BRDA:278,45,1,0
BRDA:280,46,0,0
BRDA:280,46,1,0
BRDA:315,47,0,0
BRDA:315,47,1,0
BRDA:315,48,0,0
BRDA:315,48,1,0
BRF:103
BRH:0
end_of_record
TN:
SF:middleware\mimeTypes.js
FN:31,(anonymous_0)
FNF:1
FNH:0
FNDA:0,(anonymous_0)
DA:2,0
DA:31,0
DA:32,0
DA:33,0
DA:36,0
LF:5
LH:0
BRDA:33,0,0,0
BRDA:33,0,1,0
BRF:2
BRH:0
end_of_record
TN:
SF:middleware\pagination.js
FN:11,(anonymous_0)
FN:19,(anonymous_1)
FNF:2
FNH:0
FNDA:0,(anonymous_0)
FNDA:0,(anonymous_1)
DA:11,0
DA:17,0
DA:19,0
DA:21,0
DA:24,0
DA:25,0
DA:26,0
DA:27,0
DA:28,0
DA:32,0
DA:33,0
DA:36,0
DA:37,0
DA:41,0
DA:42,0
DA:46,0
DA:47,0
DA:50,0
DA:58,0
DA:62,0
LF:20
LH:0
BRDA:11,0,0,0
BRDA:13,1,0,0
BRDA:14,2,0,0
BRDA:15,3,0,0
BRDA:16,4,0,0
BRDA:24,5,0,0
BRDA:24,5,1,0
BRDA:25,6,0,0
BRDA:25,6,1,0
BRDA:25,7,0,0
BRDA:25,7,1,0
BRDA:27,8,0,0
BRDA:27,8,1,0
BRDA:32,9,0,0
BRDA:32,9,1,0
BRDA:33,10,0,0
BRDA:33,10,1,0
BRDA:36,11,0,0
BRDA:36,11,1,0
BRDA:36,12,0,0
BRDA:36,12,1,0
BRDA:41,13,0,0
BRDA:41,13,1,0
BRDA:41,14,0,0
BRDA:41,14,1,0
BRDA:46,15,0,0
BRDA:46,15,1,0
BRDA:47,16,0,0
BRDA:47,16,1,0
BRDA:53,17,0,0
BRDA:53,17,1,0
BRF:31
BRH:0
end_of_record
TN:
SF:middleware\parse-and-resolve.js
FN:18,(anonymous_0)
FN:26,(anonymous_1)
FN:33,(anonymous_2)
FNF:3
FNH:0
FNDA:0,(anonymous_0)
FNDA:0,(anonymous_1)
FNDA:0,(anonymous_2)
DA:6,0
DA:7,0
DA:8,0
DA:9,0
DA:10,0
DA:11,0
DA:12,0
DA:18,0
DA:19,0
DA:20,0
DA:23,0
DA:24,0
DA:28,0
DA:33,0
DA:34,0
DA:35,0
DA:36,0
DA:38,0
DA:39,0
DA:40,0
DA:43,0
DA:44,0
DA:45,0
DA:48,0
DA:50,0
DA:51,0
DA:53,0
DA:54,0
DA:58,0
DA:59,0
DA:62,0
DA:63,0
DA:64,0
DA:68,0
DA:71,0
DA:72,0
DA:74,0
DA:76,0
DA:77,0
DA:78,0
DA:79,0
DA:80,0
DA:83,0
DA:86,0
DA:98,0
DA:102,0
DA:105,0
DA:106,0
DA:109,0
DA:110,0
DA:115,0
DA:116,0
DA:120,0
LF:53
LH:0
BRDA:34,0,0,0
BRDA:34,0,1,0
BRDA:40,1,0,0
BRDA:40,1,1,0
BRDA:43,2,0,0
BRDA:43,2,1,0
BRDA:51,3,0,0
BRDA:51,3,1,0
BRDA:53,4,0,0
BRDA:53,4,1,0
BRDA:62,5,0,0
BRDA:62,5,1,0
BRDA:71,6,0,0
BRDA:71,6,1,0
BRDA:71,7,0,0
BRDA:71,7,1,0
BRF:16
BRH:0
end_of_record
TN:
SF:middleware\request-id.js
FN:11,(anonymous_0)
FNF:1
FNH:0
FNDA:0,(anonymous_0)
DA:6,0
DA:11,0
DA:12,0
DA:15,0
DA:17,0
DA:20,0
LF:6
LH:0
BRF:0
BRH:0
end_of_record
TN:
SF:middleware\response-logger.js
FN:15,(anonymous_0)
FN:20,(anonymous_1)
FNF:2
FNH:0
FNDA:0,(anonymous_0)
FNDA:0,(anonymous_1)
DA:6,0
DA:15,0
DA:17,0
DA:20,0
DA:22,0
DA:24,0
DA:25,0
DA:26,0
DA:27,0
DA:28,0
DA:31,0
DA:38,0
DA:41,0
DA:44,0
LF:14
LH:0
BRDA:22,0,0,0
BRDA:22,0,1,0
BRDA:25,1,0,0
BRDA:25,1,1,0
BRDA:25,2,0,0
BRDA:25,2,1,0
BRDA:27,3,0,0
BRDA:27,3,1,0
BRF:8
BRH:0
end_of_record
TN:
SF:middleware\validators.js
FN:7,(anonymous_0)
FN:25,(anonymous_1)
FN:26,(anonymous_2)
FN:27,(anonymous_3)
FNF:4
FNH:0
FNDA:0,(anonymous_0)
FNDA:0,(anonymous_1)
FNDA:0,(anonymous_2)
FNDA:0,(anonymous_3)
DA:7,0
DA:8,0
DA:11,0
DA:12,0
DA:15,0
DA:25,0
DA:26,0
DA:27,0
DA:29,0
DA:30,0
DA:36,0
LF:11
LH:0
BRDA:8,0,0,0
BRDA:8,0,1,0
BRDA:8,0,2,0
BRDA:11,1,0,0
BRDA:11,1,1,0
BRDA:11,2,0,0
BRDA:11,2,1,0
BRDA:11,2,2,0
BRDA:29,3,0,0
BRDA:29,3,1,0
BRF:10
BRH:0
end_of_record
TN:
SF:services\clientService.js
FN:16,(anonymous_0)
FN:39,(anonymous_1)
FN:47,(anonymous_2)
FN:91,(anonymous_3)
FN:112,(anonymous_4)
FN:134,(anonymous_5)
FN:187,(anonymous_6)
FN:220,(anonymous_7)
FN:286,(anonymous_8)
FN:309,(anonymous_9)
FNF:10
FNH:0
FNDA:0,(anonymous_0)
FNDA:0,(anonymous_1)
FNDA:0,(anonymous_2)
FNDA:0,(anonymous_3)
FNDA:0,(anonymous_4)
FNDA:0,(anonymous_5)
FNDA:0,(anonymous_6)
FNDA:0,(anonymous_7)
FNDA:0,(anonymous_8)
FNDA:0,(anonymous_9)
DA:6,0
DA:7,0
DA:8,0
DA:9,0
DA:16,0
DA:17,0
DA:20,0
DA:21,0
DA:24,0
DA:25,0
DA:28,0
DA:39,0
DA:41,0
DA:42,0
DA:43,0
DA:47,0
DA:48,0
DA:57,0
DA:60,0
DA:71,0
DA:75,0
DA:91,0
DA:92,0
DA:100,0
DA:101,0
DA:104,0
DA:112,0
DA:113,0
DA:116,0
DA:117,0
DA:118,0
DA:122,0
DA:129,0
DA:130,0
DA:134,0
DA:136,0
DA:148,0
DA:151,0
DA:161,0
DA:167,0
DA:171,0
DA:178,0
DA:187,0
DA:188,0
DA:191,0
DA:192,0
DA:193,0
DA:194,0
DA:198,0
DA:205,0
DA:206,0
DA:210,0
DA:211,0
DA:215,0
DA:216,0
DA:220,0
DA:222,0
DA:224,0
DA:225,0
DA:226,0
DA:229,0
DA:230,0
DA:233,0
DA:235,0
DA:238,0
DA:239,0
DA:247,0
DA:248,0
DA:249,0
DA:250,0
DA:255,0
DA:256,0
DA:257,0
DA:258,0
DA:259,0
DA:260,0
DA:262,0
DA:263,0
DA:271,0
DA:278,0
DA:286,0
DA:288,0
DA:290,0
DA:292,0
DA:297,0
DA:298,0
DA:299,0
DA:303,0
DA:309,0
DA:310,0
DA:314,0
DA:325,0
DA:333,0
DA:335,0
DA:338,0
DA:339,0
DA:343,0
LF:97
LH:0
BRDA:20,0,0,0
BRDA:20,0,1,0
BRDA:20,1,0,0
BRDA:20,1,1,0
BRDA:24,2,0,0
BRDA:24,2,1,0
BRDA:39,3,0,0
BRDA:39,4,0,0
BRDA:39,5,0,0
BRDA:39,6,0,0
BRDA:39,7,0,0
BRDA:42,8,0,0
BRDA:42,8,1,0
BRDA:57,9,0,0
BRDA:57,9,1,0
BRDA:100,10,0,0
BRDA:100,10,1,0
BRDA:117,11,0,0
BRDA:117,11,1,0
BRDA:129,12,0,0
BRDA:129,12,1,0
BRDA:191,13,0,0
BRDA:191,13,1,0
BRDA:192,14,0,0
BRDA:192,14,1,0
BRDA:193,15,0,0
BRDA:193,15,1,0
BRDA:205,16,0,0
BRDA:205,16,1,0
BRDA:210,17,0,0
BRDA:210,17,1,0
BRDA:210,18,0,0
BRDA:210,18,1,0
BRDA:215,19,0,0
BRDA:215,19,1,0
BRDA:224,20,0,0
BRDA:224,20,1,0
BRDA:229,21,0,0
BRDA:229,21,1,0
BRDA:238,22,0,0
BRDA:238,22,1,0
BRDA:238,23,0,0
BRDA:238,23,1,0
BRDA:256,24,0,0
BRDA:256,24,1,0
BRDA:257,25,0,0
BRDA:257,25,1,0
BRDA:258,26,0,0
BRDA:258,26,1,0
BRDA:259,27,0,0
BRDA:259,27,1,0
BRDA:260,28,0,0
BRDA:260,28,1,0
BRDA:262,29,0,0
BRDA:262,29,1,0
BRDA:297,30,0,0
BRDA:297,30,1,0
BRF:57
BRH:0
end_of_record
TN:
SF:services\fileService.js
FN:25,(anonymous_0)
FN:53,(anonymous_1)
FN:95,(anonymous_2)
FN:201,(anonymous_3)
FN:342,(anonymous_4)
FN:404,(anonymous_5)
FN:425,(anonymous_6)
FN:493,(anonymous_7)
FN:507,(anonymous_8)
FN:534,(anonymous_9)
FN:557,(anonymous_10)
FN:579,(anonymous_11)
FN:609,(anonymous_12)
FN:651,(anonymous_13)
FN:652,(anonymous_14)
FN:653,(anonymous_15)
FN:658,(anonymous_16)
FN:677,(anonymous_17)
FNF:18
FNH:0
FNDA:0,(anonymous_0)
FNDA:0,(anonymous_1)
FNDA:0,(anonymous_2)
FNDA:0,(anonymous_3)
FNDA:0,(anonymous_4)
FNDA:0,(anonymous_5)
FNDA:0,(anonymous_6)
FNDA:0,(anonymous_7)
FNDA:0,(anonymous_8)
FNDA:0,(anonymous_9)
FNDA:0,(anonymous_10)
FNDA:0,(anonymous_11)
FNDA:0,(anonymous_12)
FNDA:0,(anonymous_13)
FNDA:0,(anonymous_14)
FNDA:0,(anonymous_15)
FNDA:0,(anonymous_16)
FNDA:0,(anonymous_17)
DA:6,0
DA:7,0
DA:8,0
DA:9,0
DA:10,0
DA:11,0
DA:12,0
DA:15,0
DA:25,0
DA:26,0
DA:29,0
DA:30,0
DA:33,0
DA:34,0
DA:35,0
DA:39,0
DA:40,0
DA:41,0
DA:42,0
DA:45,0
DA:46,0
DA:53,0
DA:54,0
DA:57,0
DA:58,0
DA:59,0
DA:63,0
DA:64,0
DA:65,0
DA:66,0
DA:67,0
DA:68,0
DA:69,0
DA:72,0
DA:73,0
DA:74,0
DA:75,0
DA:76,0
DA:77,0
DA:83,0
DA:95,0
DA:96,0
DA:97,0
DA:100,0
DA:102,0
DA:104,0
DA:105,0
DA:106,0
DA:107,0
DA:108,0
DA:113,0
DA:114,0
DA:117,0
DA:119,0
DA:122,0
DA:125,0
DA:136,0
DA:138,0
DA:145,0
DA:150,0
DA:151,0
DA:158,0
DA:171,0
DA:181,0
DA:183,0
DA:189,0
DA:190,0
DA:201,0
DA:202,0
DA:205,0
DA:206,0
DA:209,0
DA:220,0
DA:221,0
DA:225,0
DA:226,0
DA:227,0
DA:231,0
DA:232,0
DA:235,0
DA:236,0
DA:237,0
DA:240,0
DA:241,0
DA:243,0
DA:245,0
DA:246,0
DA:247,0
DA:250,0
DA:251,0
DA:252,0
DA:256,0
DA:259,0
DA:270,0
DA:282,0
DA:289,0
DA:294,0
DA:295,0
DA:303,0
DA:319,0
DA:322,0
DA:324,0
DA:331,0
DA:332,0
DA:342,0
DA:343,0
DA:345,0
DA:359,0
DA:361,0
DA:362,0
DA:363,0
DA:366,0
DA:367,0
DA:368,0
DA:372,0
DA:373,0
DA:380,0
DA:385,0
DA:387,0
DA:392,0
DA:394,0
DA:395,0
DA:404,0
DA:405,0
DA:413,0
DA:414,0
DA:417,0
DA:425,0
DA:426,0
DA:428,0
DA:431,0
DA:436,0
DA:437,0
DA:441,0
DA:446,0
DA:447,0
DA:451,0
DA:462,0
DA:463,0
DA:467,0
DA:472,0
DA:478,0
DA:480,0
DA:483,0
DA:484,0
DA:493,0
DA:494,0
DA:496,0
DA:499,0
DA:504,0
DA:507,0
DA:510,0
DA:516,0
DA:517,0
DA:518,0
DA:520,0
DA:531,0
DA:534,0
DA:547,0
DA:549,0
DA:557,0
DA:558,0
DA:562,0
DA:563,0
DA:567,0
DA:568,0
DA:571,0
DA:579,0
DA:581,0
DA:585,0
DA:589,0
DA:590,0
DA:594,0
DA:595,0
DA:598,0
DA:609,0
DA:611,0
DA:612,0
DA:613,0
DA:617,0
DA:633,0
DA:650,0
DA:651,0
DA:652,0
DA:653,0
DA:658,0
DA:677,0
DA:678,0
DA:680,0
DA:682,0
DA:684,0
DA:693,0
DA:694,0
DA:697,0
DA:698,0
DA:699,0
DA:700,0
DA:703,0
DA:704,0
DA:705,0
DA:706,0
DA:710,0
DA:711,0
DA:713,0
DA:714,0
DA:715,0
DA:719,0
DA:720,0
DA:721,0
DA:722,0
DA:725,0
DA:728,0
DA:729,0
DA:732,0
DA:743,0
DA:756,0
DA:763,0
DA:768,0
DA:769,0
DA:777,0
DA:790,0
DA:792,0
DA:793,0
DA:794,0
DA:795,0
DA:798,0
DA:801,0
DA:804,0
DA:814,0
DA:827,0
DA:830,0
DA:838,0
DA:845,0
DA:846,0
DA:850,0
LF:235
LH:0
BRDA:33,0,0,0
BRDA:33,0,1,0
BRDA:39,1,0,0
BRDA:39,1,1,0
BRDA:41,2,0,0
BRDA:41,2,1,0
BRDA:65,3,0,0
BRDA:65,3,1,0
BRDA:67,4,0,0
BRDA:67,4,1,0
BRDA:73,5,0,0
BRDA:73,5,1,0
BRDA:73,6,0,0
BRDA:73,6,1,0
BRDA:75,7,0,0
BRDA:75,7,1,0
BRDA:95,8,0,0
BRDA:105,9,0,0
BRDA:105,9,1,0
BRDA:107,10,0,0
BRDA:107,10,1,0
BRDA:113,11,0,0
BRDA:113,11,1,0
BRDA:113,12,0,0
BRDA:113,12,1,0
BRDA:132,13,0,0
BRDA:132,13,1,0
BRDA:132,14,0,0
BRDA:132,14,1,0
BRDA:136,15,0,0
BRDA:136,15,1,0
BRDA:164,16,0,0
BRDA:164,16,1,0
BRDA:165,17,0,0
BRDA:165,17,1,0
BRDA:201,18,0,0
BRDA:220,19,0,0
BRDA:220,19,1,0
BRDA:226,20,0,0
BRDA:226,20,1,0
BRDA:231,21,0,0
BRDA:231,21,1,0
BRDA:232,22,0,0
BRDA:232,22,1,0
BRDA:235,23,0,0
BRDA:235,23,1,0
BRDA:251,24,0,0
BRDA:251,24,1,0
BRDA:342,25,0,0
BRDA:366,26,0,0
BRDA:366,26,1,0
BRDA:366,27,0,0
BRDA:366,27,1,0
BRDA:366,27,2,0
BRDA:372,28,0,0
BRDA:372,28,1,0
BRDA:413,29,0,0
BRDA:413,29,1,0
BRDA:436,30,0,0
BRDA:436,30,1,0
BRDA:446,31,0,0
BRDA:446,31,1,0
BRDA:462,32,0,0
BRDA:462,32,1,0
BRDA:517,33,0,0
BRDA:517,33,1,0
BRDA:518,34,0,0
BRDA:518,34,1,0
BRDA:525,35,0,0
BRDA:525,35,1,0
BRDA:539,36,0,0
BRDA:539,36,1,0
BRDA:540,37,0,0
BRDA:540,37,1,0
BRDA:541,38,0,0
BRDA:541,38,1,0
BRDA:542,39,0,0
BRDA:542,39,1,0
BRDA:543,40,0,0
BRDA:543,40,1,0
BRDA:544,41,0,0
BRDA:544,41,1,0
BRDA:545,42,0,0
BRDA:545,42,1,0
BRDA:562,43,0,0
BRDA:562,43,1,0
BRDA:567,44,0,0
BRDA:567,44,1,0
BRDA:589,45,0,0
BRDA:589,45,1,0
BRDA:589,46,0,0
BRDA:589,46,1,0
BRDA:594,47,0,0
BRDA:594,47,1,0
BRDA:612,48,0,0
BRDA:612,48,1,0
BRDA:693,49,0,0
BRDA:693,49,1,0
BRDA:703,50,0,0
BRDA:703,50,1,0
BRDA:703,51,0,0
BRDA:703,51,1,0
BRDA:705,52,0,0
BRDA:705,52,1,0
BRDA:710,53,0,0
BRDA:710,53,1,0
BRDA:710,53,2,0
BRDA:711,54,0,0
BRDA:711,54,1,0
BRDA:711,54,2,0
BRDA:713,55,0,0
BRDA:713,55,1,0
BRDA:720,56,0,0
BRDA:720,56,1,0
BRDA:790,57,0,0
BRDA:790,57,1,0
BRDA:790,58,0,0
BRDA:790,58,1,0
BRF:118
BRH:0
end_of_record
TN:
SF:services\index.js
FNF:0
FNH:0
DA:6,0
DA:7,0
DA:8,0
DA:9,0
DA:10,0
DA:11,0
DA:12,0
DA:13,0
DA:15,0
LF:9
LH:0
BRF:0
BRH:0
end_of_record
TN:
SF:services\loggingService.js
FN:25,(anonymous_0)
FN:67,(anonymous_1)
FN:79,(anonymous_2)
FN:91,(anonymous_3)
FN:103,(anonymous_4)
FN:126,(anonymous_5)
FN:138,(anonymous_6)
FN:154,(anonymous_7)
FN:173,(anonymous_8)
FN:189,(anonymous_9)
FN:204,(anonymous_10)
FN:264,(anonymous_11)
FN:289,(anonymous_12)
FNF:13
FNH:0
FNDA:0,(anonymous_0)
FNDA:0,(anonymous_1)
FNDA:0,(anonymous_2)
FNDA:0,(anonymous_3)
FNDA:0,(anonymous_4)
FNDA:0,(anonymous_5)
FNDA:0,(anonymous_6)
FNDA:0,(anonymous_7)
FNDA:0,(anonymous_8)
FNDA:0,(anonymous_9)
FNDA:0,(anonymous_10)
FNDA:0,(anonymous_11)
FNDA:0,(anonymous_12)
DA:1,0
DA:2,0
DA:26,0
DA:27,0
DA:46,0
DA:49,0
DA:50,0
DA:51,0
DA:52,0
DA:56,0
DA:58,0
DA:60,0
DA:68,0
DA:80,0
DA:92,0
DA:104,0
DA:111,0
DA:112,0
DA:117,0
DA:120,0
DA:127,0
DA:139,0
DA:155,0
DA:174,0
DA:190,0
DA:205,0
DA:215,0
DA:222,0
DA:224,0
DA:226,0
DA:227,0
DA:228,0
DA:229,0
DA:230,0
DA:231,0
DA:233,0
DA:234,0
DA:235,0
DA:236,0
DA:239,0
DA:246,0
DA:256,0
DA:257,0
DA:265,0
DA:266,0
DA:267,0
DA:269,0
DA:277,0
DA:279,0
DA:281,0
DA:282,0
DA:290,0
DA:291,0
DA:293,0
DA:294,0
DA:295,0
DA:296,0
DA:299,0
DA:307,0
DA:320,0
DA:323,0
DA:331,0
DA:339,0
DA:340,0
DA:341,0
DA:349,0
DA:358,0
DA:359,0
DA:364,0
LF:69
LH:0
BRDA:25,0,0,0
BRDA:29,1,0,0
BRDA:29,1,1,0
BRDA:31,2,0,0
BRDA:31,2,1,0
BRDA:32,3,0,0
BRDA:32,3,1,0
BRDA:33,4,0,0
BRDA:33,4,1,0
BRDA:33,4,2,0
BRDA:34,5,0,0
BRDA:34,5,1,0
BRDA:34,5,2,0
BRDA:36,6,0,0
BRDA:36,6,1,0
BRDA:37,7,0,0
BRDA:37,7,1,0
BRDA:38,8,0,0
BRDA:38,8,1,0
BRDA:39,9,0,0
BRDA:39,9,1,0
BRDA:40,10,0,0
BRDA:40,10,1,0
BRDA:41,11,0,0
BRDA:41,11,1,0
BRDA:42,12,0,0
BRDA:42,12,1,0
BRDA:43,13,0,0
BRDA:43,13,1,0
BRDA:49,14,0,0
BRDA:49,14,1,0
BRDA:51,15,0,0
BRDA:51,15,1,0
BRDA:67,16,0,0
BRDA:79,17,0,0
BRDA:91,18,0,0
BRDA:103,19,0,0
BRDA:103,20,0,0
BRDA:111,21,0,0
BRDA:111,21,1,0
BRDA:126,22,0,0
BRDA:138,23,0,0
BRDA:138,24,0,0
BRDA:154,25,0,0
BRDA:154,26,0,0
BRDA:156,27,0,0
BRDA:156,27,1,0
BRDA:157,28,0,0
BRDA:157,28,1,0
BRDA:158,29,0,0
BRDA:158,29,1,0
BRDA:160,30,0,0
BRDA:160,30,1,0
BRDA:173,31,0,0
BRDA:189,32,0,0
BRDA:189,33,0,0
BRDA:204,34,0,0
BRDA:204,35,0,0
BRDA:218,36,0,0
BRDA:219,37,0,0
BRDA:220,38,0,0
BRDA:221,39,0,0
BRDA:226,40,0,0
BRDA:226,40,1,0
BRDA:227,41,0,0
BRDA:227,41,1,0
BRDA:228,42,0,0
BRDA:228,42,1,0
BRDA:229,43,0,0
BRDA:229,43,1,0
BRDA:230,44,0,0
BRDA:230,44,1,0
BRDA:231,45,0,0
BRDA:231,45,1,0
BRDA:233,46,0,0
BRDA:233,46,1,0
BRDA:233,47,0,0
BRDA:233,47,1,0
BRDA:235,48,0,0
BRDA:235,48,1,0
BRDA:236,49,0,0
BRDA:236,49,1,0
BRDA:264,50,0,0
BRDA:289,51,0,0
BRDA:289,52,0,0
BRDA:293,53,0,0
BRDA:293,53,1,0
BRDA:293,54,0,0
BRDA:293,54,1,0
BRDA:295,55,0,0
BRDA:295,55,1,0
BRDA:296,56,0,0
BRDA:296,56,1,0
BRF:93
BRH:0
end_of_record
TN:
SF:services\nodeService.js
FN:16,(anonymous_0)
FN:34,(anonymous_1)
FN:52,(anonymous_2)
FN:90,(anonymous_3)
FN:121,(anonymous_4)
FN:149,(anonymous_5)
FN:177,(anonymous_6)
FN:191,(anonymous_7)
FN:212,(anonymous_8)
FN:278,(anonymous_9)
FN:286,(anonymous_10)
FN:352,(anonymous_11)
FN:368,(anonymous_12)
FN:385,(anonymous_13)
FN:420,(anonymous_14)
FN:424,(anonymous_15)
FN:450,(anonymous_16)
FN:478,(anonymous_17)
FN:492,(anonymous_18)
FN:547,(anonymous_19)
FNF:20
FNH:0
FNDA:0,(anonymous_0)
FNDA:0,(anonymous_1)
FNDA:0,(anonymous_2)
FNDA:0,(anonymous_3)
FNDA:0,(anonymous_4)
FNDA:0,(anonymous_5)
FNDA:0,(anonymous_6)
FNDA:0,(anonymous_7)
FNDA:0,(anonymous_8)
FNDA:0,(anonymous_9)
FNDA:0,(anonymous_10)
FNDA:0,(anonymous_11)
FNDA:0,(anonymous_12)
FNDA:0,(anonymous_13)
FNDA:0,(anonymous_14)
FNDA:0,(anonymous_15)
FNDA:0,(anonymous_16)
FNDA:0,(anonymous_17)
FNDA:0,(anonymous_18)
FNDA:0,(anonymous_19)
DA:6,0
DA:7,0
DA:8,0
DA:9,0
DA:16,0
DA:17,0
DA:26,0
DA:34,0
DA:35,0
DA:44,0
DA:52,0
DA:53,0
DA:56,0
DA:57,0
DA:60,0
DA:61,0
DA:64,0
DA:75,0
DA:77,0
DA:78,0
DA:80,0
DA:83,0
DA:90,0
DA:92,0
DA:98,0
DA:99,0
DA:111,0
DA:112,0
DA:121,0
DA:123,0
DA:124,0
DA:127,0
DA:129,0
DA:137,0
DA:138,0
DA:141,0
DA:149,0
DA:150,0
DA:153,0
DA:154,0
DA:157,0
DA:160,0
DA:169,0
DA:170,0
DA:177,0
DA:179,0
DA:182,0
DA:183,0
DA:191,0
DA:192,0
DA:195,0
DA:196,0
DA:200,0
DA:201,0
DA:202,0
DA:205,0
DA:206,0
DA:207,0
DA:212,0
DA:215,0
DA:216,0
DA:217,0
DA:219,0
DA:223,0
DA:235,0
DA:236,0
DA:243,0
DA:250,0
DA:251,0
DA:257,0
DA:258,0
DA:266,0
DA:269,0
DA:278,0
DA:279,0
DA:281,0
DA:282,0
DA:283,0
DA:286,0
DA:288,0
DA:290,0
DA:292,0
DA:293,0
DA:294,0
DA:296,0
DA:303,0
DA:311,0
DA:312,0
DA:313,0
DA:314,0
DA:318,0
DA:325,0
DA:326,0
DA:327,0
DA:335,0
DA:342,0
DA:352,0
DA:353,0
DA:354,0
DA:355,0
DA:360,0
DA:368,0
DA:369,0
DA:371,0
DA:373,0
DA:375,0
DA:376,0
DA:377,0
DA:381,0
DA:385,0
DA:386,0
DA:387,0
DA:388,0
DA:390,0
DA:396,0
DA:407,0
DA:408,0
DA:409,0
DA:410,0
DA:415,0
DA:416,0
DA:420,0
DA:421,0
DA:422,0
DA:424,0
DA:432,0
DA:433,0
DA:437,0
DA:438,0
DA:441,0
DA:442,0
DA:450,0
DA:451,0
DA:453,0
DA:455,0
DA:458,0
DA:461,0
DA:462,0
DA:471,0
DA:474,0
DA:476,0
DA:478,0
DA:482,0
DA:483,0
DA:492,0
DA:493,0
DA:494,0
DA:497,0
DA:516,0
DA:530,0
DA:547,0
DA:548,0
DA:549,0
DA:550,0
DA:554,0
DA:559,0
DA:565,0
LF:157
LH:0
BRDA:44,0,0,0
BRDA:44,0,1,0
BRDA:53,1,0,0
BRDA:53,2,0,0
BRDA:53,3,0,0
BRDA:53,4,0,0
BRDA:56,5,0,0
BRDA:56,5,1,0
BRDA:56,6,0,0
BRDA:56,6,1,0
BRDA:75,7,0,0
BRDA:75,7,1,0
BRDA:78,8,0,0
BRDA:78,8,1,0
BRDA:78,9,0,0
BRDA:78,9,1,0
BRDA:98,10,0,0
BRDA:98,10,1,0
BRDA:123,11,0,0
BRDA:123,11,1,0
BRDA:123,12,0,0
BRDA:123,12,1,0
BRDA:137,13,0,0
BRDA:137,13,1,0
BRDA:150,14,0,0
BRDA:153,15,0,0
BRDA:153,15,1,0
BRDA:153,16,0,0
BRDA:153,16,1,0
BRDA:169,17,0,0
BRDA:169,17,1,0
BRDA:169,18,0,0
BRDA:169,18,1,0
BRDA:195,19,0,0
BRDA:195,19,1,0
BRDA:195,20,0,0
BRDA:195,20,1,0
BRDA:195,20,2,0
BRDA:200,21,0,0
BRDA:200,21,1,0
BRDA:200,22,0,0
BRDA:200,22,1,0
BRDA:200,22,2,0
BRDA:201,23,0,0
BRDA:201,23,1,0
BRDA:206,24,0,0
BRDA:206,24,1,0
BRDA:215,25,0,0
BRDA:215,25,1,0
BRDA:227,26,0,0
BRDA:227,26,1,0
BRDA:250,27,0,0
BRDA:250,27,1,0
BRDA:282,28,0,0
BRDA:282,28,1,0
BRDA:288,29,0,0
BRDA:288,29,1,0
BRDA:290,30,0,0
BRDA:290,30,1,0
BRDA:325,31,0,0
BRDA:325,31,1,0
BRDA:354,32,0,0
BRDA:354,32,1,0
BRDA:375,33,0,0
BRDA:375,33,1,0
BRDA:409,34,0,0
BRDA:409,34,1,0
BRDA:409,35,0,0
BRDA:409,35,1,0
BRDA:415,36,0,0
BRDA:415,36,1,0
BRDA:415,37,0,0
BRDA:415,37,1,0
BRDA:421,38,0,0
BRDA:421,38,1,0
BRDA:432,39,0,0
BRDA:432,39,1,0
BRDA:478,40,0,0
BRDA:478,40,1,0
BRDA:493,41,0,0
BRDA:493,42,0,0
BRDA:493,43,0,0
BRDA:504,44,0,0
BRDA:504,44,1,0
BRDA:507,45,0,0
BRDA:507,45,1,0
BRDA:522,46,0,0
BRDA:522,46,1,0
BRDA:525,47,0,0
BRDA:525,47,1,0
BRDA:549,48,0,0
BRDA:549,48,1,0
BRF:92
BRH:0
end_of_record
TN:
SF:services\orderService.js
FN:21,(anonymous_0)
FN:46,(anonymous_1)
FN:90,(anonymous_2)
FN:111,(anonymous_3)
FN:147,generateNodeName
FN:168,(anonymous_5)
FN:252,(anonymous_6)
FN:315,(anonymous_7)
FN:338,(anonymous_8)
FNF:9
FNH:0
FNDA:0,(anonymous_0)
FNDA:0,(anonymous_1)
FNDA:0,(anonymous_2)
FNDA:0,(anonymous_3)
FNDA:0,generateNodeName
FNDA:0,(anonymous_5)
FNDA:0,(anonymous_6)
FNDA:0,(anonymous_7)
FNDA:0,(anonymous_8)
DA:6,0
DA:7,0
DA:8,0
DA:9,0
DA:13,0
DA:14,0
DA:21,0
DA:29,0
DA:31,0
DA:34,0
DA:35,0
DA:38,0
DA:39,0
DA:46,0
DA:47,0
DA:55,0
DA:59,0
DA:71,0
DA:75,0
DA:90,0
DA:91,0
DA:99,0
DA:100,0
DA:103,0
DA:111,0
DA:113,0
DA:114,0
DA:115,0
DA:131,0
DA:134,0
DA:135,0
DA:136,0
DA:140,0
DA:141,0
DA:143,0
DA:144,0
DA:148,0
DA:151,0
DA:161,0
DA:162,0
DA:166,0
DA:168,0
DA:169,0
DA:170,0
DA:171,0
DA:172,0
DA:173,0
DA:178,0
DA:182,0
DA:185,0
DA:196,0
DA:199,0
DA:212,0
DA:219,0
DA:225,0
DA:226,0
DA:234,0
DA:237,0
DA:238,0
DA:241,0
DA:242,0
DA:252,0
DA:254,0
DA:259,0
DA:260,0
DA:264,0
DA:265,0
DA:267,0
DA:268,0
DA:269,0
DA:272,0
DA:275,0
DA:278,0
DA:279,0
DA:284,0
DA:285,0
DA:286,0
DA:290,0
DA:291,0
DA:298,0
DA:301,0
DA:302,0
DA:305,0
DA:306,0
DA:315,0
DA:317,0
DA:321,0
DA:322,0
DA:326,0
DA:329,0
DA:335,0
DA:337,0
DA:338,0
DA:340,0
DA:341,0
DA:343,0
DA:354,0
DA:355,0
DA:356,0
DA:357,0
DA:361,0
DA:362,0
DA:369,0
DA:375,0
DA:386,0
DA:392,0
DA:395,0
DA:400,0
DA:401,0
DA:402,0
DA:403,0
DA:405,0
DA:409,0
DA:412,0
DA:415,0
DA:416,0
DA:420,0
LF:117
LH:0
BRDA:21,0,0,0
BRDA:23,1,0,0
BRDA:24,2,0,0
BRDA:25,3,0,0
BRDA:26,4,0,0
BRDA:27,5,0,0
BRDA:28,6,0,0
BRDA:34,7,0,0
BRDA:34,7,1,0
BRDA:38,8,0,0
BRDA:38,8,1,0
BRDA:55,9,0,0
BRDA:55,9,1,0
BRDA:99,10,0,0
BRDA:99,10,1,0
BRDA:114,11,0,0
BRDA:114,11,1,0
BRDA:135,12,0,0
BRDA:135,12,1,0
BRDA:161,13,0,0
BRDA:161,13,1,0
BRDA:170,14,0,0
BRDA:170,14,1,0
BRDA:172,15,0,0
BRDA:172,15,1,0
BRDA:186,16,0,0
BRDA:186,16,1,0
BRDA:196,17,0,0
BRDA:196,17,1,0
BRDA:207,18,0,0
BRDA:207,18,1,0
BRDA:208,19,0,0
BRDA:208,19,1,0
BRDA:259,20,0,0
BRDA:259,20,1,0
BRDA:268,21,0,0
BRDA:268,21,1,0
BRDA:269,22,0,0
BRDA:269,22,1,0
BRDA:285,23,0,0
BRDA:285,23,1,0
BRDA:290,24,0,0
BRDA:290,24,1,0
BRDA:321,25,0,0
BRDA:321,25,1,0
BRDA:341,26,0,0
BRDA:341,26,1,0
BRDA:355,27,0,0
BRDA:355,27,1,0
BRDA:356,28,0,0
BRDA:356,28,1,0
BRDA:361,29,0,0
BRDA:361,29,1,0
BRDA:402,30,0,0
BRDA:402,30,1,0
BRF:55
BRH:0
end_of_record
TN:
SF:services\partService.js
FN:17,(anonymous_0)
FN:44,(anonymous_1)
FN:95,(anonymous_2)
FN:110,(anonymous_3)
FN:117,(anonymous_4)
FN:146,(anonymous_5)
FN:164,(anonymous_6)
FN:185,(anonymous_7)
FN:242,(anonymous_8)
FN:302,(anonymous_9)
FN:352,(anonymous_10)
FN:417,(anonymous_11)
FN:443,(anonymous_12)
FNF:13
FNH:0
FNDA:0,(anonymous_0)
FNDA:0,(anonymous_1)
FNDA:0,(anonymous_2)
FNDA:0,(anonymous_3)
FNDA:0,(anonymous_4)
FNDA:0,(anonymous_5)
FNDA:0,(anonymous_6)
FNDA:0,(anonymous_7)
FNDA:0,(anonymous_8)
FNDA:0,(anonymous_9)
FNDA:0,(anonymous_10)
FNDA:0,(anonymous_11)
FNDA:0,(anonymous_12)
DA:6,0
DA:7,0
DA:8,0
DA:9,0
DA:10,0
DA:17,0
DA:18,0
DA:21,0
DA:22,0
DA:25,0
DA:26,0
DA:29,0
DA:30,0
DA:33,0
DA:44,0
DA:45,0
DA:48,0
DA:51,0
DA:53,0
DA:54,0
DA:55,0
DA:56,0
DA:58,0
DA:62,0
DA:63,0
DA:64,0
DA:65,0
DA:67,0
DA:72,0
DA:73,0
DA:74,0
DA:75,0
DA:76,0
DA:77,0
DA:78,0
DA:79,0
DA:80,0
DA:83,0
DA:84,0
DA:87,0
DA:95,0
DA:96,0
DA:99,0
DA:100,0
DA:104,0
DA:105,0
DA:110,0
DA:112,0
DA:117,0
DA:118,0
DA:128,0
DA:131,0
DA:142,0
DA:146,0
DA:148,0
DA:164,0
DA:165,0
DA:173,0
DA:174,0
DA:177,0
DA:185,0
DA:196,0
DA:197,0
DA:199,0
DA:203,0
DA:208,0
DA:210,0
DA:211,0
DA:215,0
DA:216,0
DA:219,0
DA:226,0
DA:227,0
DA:228,0
DA:232,0
DA:233,0
DA:234,0
DA:237,0
DA:238,0
DA:242,0
DA:244,0
DA:255,0
DA:267,0
DA:274,0
DA:279,0
DA:280,0
DA:287,0
DA:291,0
DA:293,0
DA:302,0
DA:312,0
DA:313,0
DA:315,0
DA:319,0
DA:324,0
DA:326,0
DA:327,0
DA:331,0
DA:332,0
DA:335,0
DA:341,0
DA:348,0
DA:349,0
DA:352,0
DA:354,0
DA:355,0
DA:356,0
DA:358,0
DA:366,0
DA:367,0
DA:375,0
DA:376,0
DA:377,0
DA:378,0
DA:383,0
DA:389,0
DA:390,0
DA:391,0
DA:392,0
DA:393,0
DA:394,0
DA:395,0
DA:396,0
DA:398,0
DA:399,0
DA:407,0
DA:409,0
DA:417,0
DA:419,0
DA:421,0
DA:423,0
DA:428,0
DA:429,0
DA:430,0
DA:434,0
DA:437,0
DA:443,0
DA:444,0
DA:448,0
DA:459,0
DA:467,0
DA:472,0
DA:473,0
DA:474,0
DA:475,0
DA:477,0
DA:481,0
DA:484,0
DA:487,0
DA:488,0
DA:492,0
LF:151
LH:0
BRDA:21,0,0,0
BRDA:21,0,1,0
BRDA:21,1,0,0
BRDA:21,1,1,0
BRDA:25,2,0,0
BRDA:25,2,1,0
BRDA:25,3,0,0
BRDA:25,3,1,0
BRDA:29,4,0,0
BRDA:29,4,1,0
BRDA:45,5,0,0
BRDA:45,5,1,0
BRDA:48,6,0,0
BRDA:48,6,1,0
BRDA:51,7,0,0
BRDA:51,7,1,0
BRDA:54,8,0,0
BRDA:54,8,1,0
BRDA:63,9,0,0
BRDA:63,9,1,0
BRDA:72,10,0,0
BRDA:72,10,1,0
BRDA:73,11,0,0
BRDA:73,11,1,0
BRDA:74,12,0,0
BRDA:74,12,1,0
BRDA:75,13,0,0
BRDA:75,13,1,0
BRDA:76,14,0,0
BRDA:76,14,1,0
BRDA:77,15,0,0
BRDA:77,15,1,0
BRDA:78,16,0,0
BRDA:78,16,1,0
BRDA:79,17,0,0
BRDA:79,17,1,0
BRDA:80,18,0,0
BRDA:80,18,1,0
BRDA:95,19,0,0
BRDA:95,20,0,0
BRDA:95,21,0,0
BRDA:95,22,0,0
BRDA:95,23,0,0
BRDA:95,24,0,0
BRDA:99,25,0,0
BRDA:99,25,1,0
BRDA:104,26,0,0
BRDA:104,26,1,0
BRDA:128,27,0,0
BRDA:128,27,1,0
BRDA:173,28,0,0
BRDA:173,28,1,0
BRDA:197,29,0,0
BRDA:197,29,1,0
BRDA:199,30,0,0
BRDA:199,30,1,0
BRDA:201,31,0,0
BRDA:201,31,1,0
BRDA:203,32,0,0
BRDA:203,32,1,0
BRDA:205,33,0,0
BRDA:205,33,1,0
BRDA:210,34,0,0
BRDA:210,34,1,0
BRDA:215,35,0,0
BRDA:215,35,1,0
BRDA:220,36,0,0
BRDA:220,36,1,0
BRDA:221,37,0,0
BRDA:221,37,1,0
BRDA:227,38,0,0
BRDA:227,38,1,0
BRDA:233,39,0,0
BRDA:233,39,1,0
BRDA:237,40,0,0
BRDA:237,40,1,0
BRDA:313,41,0,0
BRDA:313,41,1,0
BRDA:315,42,0,0
BRDA:315,42,1,0
BRDA:317,43,0,0
BRDA:317,43,1,0
BRDA:319,44,0,0
BRDA:319,44,1,0
BRDA:321,45,0,0
BRDA:321,45,1,0
BRDA:326,46,0,0
BRDA:326,46,1,0
BRDA:331,47,0,0
BRDA:331,47,1,0
BRDA:336,48,0,0
BRDA:336,48,1,0
BRDA:337,49,0,0
BRDA:337,49,1,0
BRDA:348,50,0,0
BRDA:348,50,1,0
BRDA:354,51,0,0
BRDA:354,51,1,0
BRDA:366,52,0,0
BRDA:366,52,1,0
BRDA:390,53,0,0
BRDA:390,53,1,0
BRDA:391,54,0,0
BRDA:391,54,1,0
BRDA:392,55,0,0
BRDA:392,55,1,0
BRDA:393,56,0,0
BRDA:393,56,1,0
BRDA:394,57,0,0
BRDA:394,57,1,0
BRDA:395,58,0,0
BRDA:395,58,1,0
BRDA:396,59,0,0
BRDA:396,59,1,0
BRDA:398,60,0,0
BRDA:398,60,1,0
BRDA:428,61,0,0
BRDA:428,61,1,0
BRDA:474,62,0,0
BRDA:474,62,1,0
BRF:120
BRH:0
end_of_record
TN:
SF:services\steelService.js
FN:21,(anonymous_0)
FN:45,(anonymous_1)
FN:51,(anonymous_2)
FN:53,(anonymous_3)
FN:61,(anonymous_4)
FN:175,(anonymous_5)
FN:187,(anonymous_6)
FN:188,(anonymous_7)
FN:193,(anonymous_8)
FN:194,(anonymous_9)
FN:205,(anonymous_10)
FN:226,(anonymous_11)
FN:229,(anonymous_12)
FN:250,(anonymous_13)
FN:284,(anonymous_14)
FN:298,(anonymous_15)
FN:320,(anonymous_16)
FN:348,(anonymous_17)
FN:391,(anonymous_18)
FN:426,(anonymous_19)
FN:432,(anonymous_20)
FN:435,(anonymous_21)
FN:437,(anonymous_22)
FN:440,(anonymous_23)
FN:443,(anonymous_24)
FN:450,(anonymous_25)
FN:459,(anonymous_26)
FN:460,(anonymous_27)
FN:511,(anonymous_28)
FN:540,(anonymous_29)
FN:542,(anonymous_30)
FN:558,(anonymous_31)
FN:596,(anonymous_32)
FNF:33
FNH:0
FNDA:0,(anonymous_0)
FNDA:0,(anonymous_1)
FNDA:0,(anonymous_2)
FNDA:0,(anonymous_3)
FNDA:0,(anonymous_4)
FNDA:0,(anonymous_5)
FNDA:0,(anonymous_6)
FNDA:0,(anonymous_7)
FNDA:0,(anonymous_8)
FNDA:0,(anonymous_9)
FNDA:0,(anonymous_10)
FNDA:0,(anonymous_11)
FNDA:0,(anonymous_12)
FNDA:0,(anonymous_13)
FNDA:0,(anonymous_14)
FNDA:0,(anonymous_15)
FNDA:0,(anonymous_16)
FNDA:0,(anonymous_17)
FNDA:0,(anonymous_18)
FNDA:0,(anonymous_19)
FNDA:0,(anonymous_20)
FNDA:0,(anonymous_21)
FNDA:0,(anonymous_22)
FNDA:0,(anonymous_23)
FNDA:0,(anonymous_24)
FNDA:0,(anonymous_25)
FNDA:0,(anonymous_26)
FNDA:0,(anonymous_27)
FNDA:0,(anonymous_28)
FNDA:0,(anonymous_29)
FNDA:0,(anonymous_30)
FNDA:0,(anonymous_31)
FNDA:0,(anonymous_32)
DA:6,0
DA:7,0
DA:8,0
DA:9,0
DA:13,0
DA:14,0
DA:21,0
DA:22,0
DA:23,0
DA:29,0
DA:30,0
DA:31,0
DA:37,0
DA:45,0
DA:46,0
DA:47,0
DA:50,0
DA:51,0
DA:53,0
DA:61,0
DA:62,0
DA:63,0
DA:72,0
DA:74,0
DA:76,0
DA:79,0
DA:80,0
DA:85,0
DA:89,0
DA:90,0
DA:91,0
DA:93,0
DA:94,0
DA:96,0
DA:97,0
DA:99,0
DA:102,0
DA:106,0
DA:108,0
DA:110,0
DA:113,0
DA:116,0
DA:118,0
DA:120,0
DA:121,0
DA:132,0
DA:133,0
DA:134,0
DA:138,0
DA:139,0
DA:147,0
DA:149,0
DA:158,0
DA:163,0
DA:165,0
DA:166,0
DA:167,0
DA:175,0
DA:176,0
DA:186,0
DA:187,0
DA:188,0
DA:194,0
DA:197,0
DA:205,0
DA:206,0
DA:213,0
DA:214,0
DA:217,0
DA:226,0
DA:227,0
DA:229,0
DA:231,0
DA:233,0
DA:235,0
DA:236,0
DA:239,0
DA:244,0
DA:245,0
DA:247,0
DA:250,0
DA:251,0
DA:252,0
DA:254,0
DA:255,0
DA:257,0
DA:260,0
DA:269,0
DA:272,0
DA:284,0
DA:285,0
DA:287,0
DA:288,0
DA:290,0
DA:291,0
DA:296,0
DA:297,0
DA:298,0
DA:302,0
DA:320,0
DA:321,0
DA:324,0
DA:325,0
DA:329,0
DA:332,0
DA:343,0
DA:344,0
DA:348,0
DA:350,0
DA:362,0
DA:373,0
DA:374,0
DA:377,0
DA:381,0
DA:382,0
DA:391,0
DA:393,0
DA:400,0
DA:401,0
DA:405,0
DA:406,0
DA:420,0
DA:421,0
DA:426,0
DA:427,0
DA:428,0
DA:429,0
DA:432,0
DA:433,0
DA:434,0
DA:435,0
DA:437,0
DA:438,0
DA:439,0
DA:440,0
DA:443,0
DA:444,0
DA:445,0
DA:446,0
DA:450,0
DA:451,0
DA:452,0
DA:453,0
DA:456,0
DA:457,0
DA:458,0
DA:459,0
DA:460,0
DA:463,0
DA:464,0
DA:468,0
DA:469,0
DA:474,0
DA:475,0
DA:476,0
DA:477,0
DA:478,0
DA:480,0
DA:481,0
DA:483,0
DA:485,0
DA:488,0
DA:489,0
DA:490,0
DA:491,0
DA:492,0
DA:493,0
DA:494,0
DA:496,0
DA:497,0
DA:502,0
DA:503,0
DA:511,0
DA:513,0
DA:520,0
DA:521,0
DA:524,0
DA:528,0
DA:540,0
DA:541,0
DA:542,0
DA:543,0
DA:544,0
DA:547,0
DA:550,0
DA:551,0
DA:558,0
DA:560,0
DA:561,0
DA:564,0
DA:570,0
DA:571,0
DA:582,0
DA:585,0
DA:587,0
DA:588,0
DA:596,0
DA:597,0
DA:598,0
DA:600,0
DA:608,0
DA:610,0
DA:611,0
DA:614,0
DA:615,0
DA:617,0
DA:618,0
DA:626,0
DA:627,0
DA:631,0
DA:632,0
DA:635,0
DA:636,0
DA:640,0
LF:214
LH:0
BRDA:22,0,0,0
BRDA:22,0,1,0
BRDA:22,1,0,0
BRDA:22,1,1,0
BRDA:29,2,0,0
BRDA:29,2,1,0
BRDA:29,3,0,0
BRDA:29,3,1,0
BRDA:30,4,0,0
BRDA:30,4,1,0
BRDA:30,4,2,0
BRDA:33,5,0,0
BRDA:33,5,1,0
BRDA:46,6,0,0
BRDA:46,6,1,0
BRDA:51,7,0,0
BRDA:51,7,1,0
BRDA:53,8,0,0
BRDA:53,8,1,0
BRDA:61,9,0,0
BRDA:66,10,0,0
BRDA:67,11,0,0
BRDA:68,12,0,0
BRDA:69,13,0,0
BRDA:70,14,0,0
BRDA:71,15,0,0
BRDA:79,16,0,0
BRDA:79,16,1,0
BRDA:89,17,0,0
BRDA:89,17,1,0
BRDA:90,18,0,0
BRDA:90,18,1,0
BRDA:93,19,0,0
BRDA:93,19,1,0
BRDA:96,20,0,0
BRDA:96,20,1,0
BRDA:108,21,0,0
BRDA:108,21,1,0
BRDA:133,22,0,0
BRDA:133,22,1,0
BRDA:187,23,0,0
BRDA:187,23,1,0
BRDA:213,24,0,0
BRDA:213,24,1,0
BRDA:213,25,0,0
BRDA:213,25,1,0
BRDA:227,26,0,0
BRDA:227,26,1,0
BRDA:227,27,0,0
BRDA:227,27,1,0
BRDA:229,28,0,0
BRDA:229,28,1,0
BRDA:229,28,2,0
BRDA:233,29,0,0
BRDA:233,29,1,0
BRDA:233,29,2,0
BRDA:235,30,0,0
BRDA:235,30,1,0
BRDA:244,31,0,0
BRDA:244,31,1,0
BRDA:245,32,0,0
BRDA:245,32,1,0
BRDA:251,33,0,0
BRDA:251,33,1,0
BRDA:251,33,2,0
BRDA:254,34,0,0
BRDA:254,34,1,0
BRDA:285,35,0,0
BRDA:285,35,1,0
BRDA:285,36,0,0
BRDA:285,36,1,0
BRDA:288,37,0,0
BRDA:288,37,1,0
BRDA:288,37,2,0
BRDA:290,38,0,0
BRDA:290,38,1,0
BRDA:296,39,0,0
BRDA:296,39,1,0
BRDA:296,40,0,0
BRDA:296,40,1,0
BRDA:324,41,0,0
BRDA:324,41,1,0
BRDA:324,42,0,0
BRDA:324,42,1,0
BRDA:338,43,0,0
BRDA:338,43,1,0
BRDA:343,44,0,0
BRDA:343,44,1,0
BRDA:373,45,0,0
BRDA:373,45,1,0
BRDA:373,46,0,0
BRDA:373,46,1,0
BRDA:400,47,0,0
BRDA:400,47,1,0
BRDA:405,48,0,0
BRDA:405,48,1,0
BRDA:405,49,0,0
BRDA:405,49,1,0
BRDA:420,50,0,0
BRDA:420,50,1,0
BRDA:427,51,0,0
BRDA:427,51,1,0
BRDA:428,52,0,0
BRDA:428,52,1,0
BRDA:429,53,0,0
BRDA:429,53,1,0
BRDA:433,54,0,0
BRDA:433,54,1,0
BRDA:433,54,2,0
BRDA:434,55,0,0
BRDA:434,55,1,0
BRDA:438,56,0,0
BRDA:438,56,1,0
BRDA:438,56,2,0
BRDA:439,57,0,0
BRDA:439,57,1,0
BRDA:444,58,0,0
BRDA:444,58,1,0
BRDA:444,58,2,0
BRDA:445,59,0,0
BRDA:445,59,1,0
BRDA:446,60,0,0
BRDA:446,60,1,0
BRDA:451,61,0,0
BRDA:451,61,1,0
BRDA:451,61,2,0
BRDA:452,62,0,0
BRDA:452,62,1,0
BRDA:453,63,0,0
BRDA:453,63,1,0
BRDA:459,64,0,0
BRDA:459,64,1,0
BRDA:459,64,2,0
BRDA:460,65,0,0
BRDA:460,65,1,0
BRDA:460,65,2,0
BRDA:463,66,0,0
BRDA:463,66,1,0
BRDA:468,67,0,0
BRDA:468,67,1,0
BRDA:474,68,0,0
BRDA:474,68,1,0
BRDA:474,69,0,0
BRDA:474,69,1,0
BRDA:476,70,0,0
BRDA:476,70,1,0
BRDA:480,71,0,0
BRDA:480,71,1,0
BRDA:489,72,0,0
BRDA:489,72,1,0
BRDA:490,73,0,0
BRDA:490,73,1,0
BRDA:491,74,0,0
BRDA:491,74,1,0
BRDA:492,75,0,0
BRDA:492,75,1,0
BRDA:493,76,0,0
BRDA:493,76,1,0
BRDA:494,77,0,0
BRDA:494,77,1,0
BRDA:496,78,0,0
BRDA:496,78,1,0
BRDA:520,79,0,0
BRDA:520,79,1,0
BRDA:541,80,0,0
BRDA:541,80,1,0
BRDA:541,81,0,0
BRDA:541,81,1,0
BRDA:543,82,0,0
BRDA:543,82,1,0
BRDA:543,82,2,0
BRDA:550,83,0,0
BRDA:550,83,1,0
BRDA:560,84,0,0
BRDA:560,84,1,0
BRDA:617,85,0,0
BRDA:617,85,1,0
BRF:177
BRH:0
end_of_record
TN:
SF:services\testService.js
FN:24,(anonymous_0)
FN:48,(anonymous_1)
FN:93,(anonymous_2)
FN:133,(anonymous_3)
FN:208,(anonymous_4)
FN:236,generateSequentialTestName
FN:253,(anonymous_6)
FN:257,(anonymous_7)
FN:334,(anonymous_8)
FN:381,(anonymous_9)
FN:383,(anonymous_10)
FN:424,(anonymous_11)
FN:449,(anonymous_12)
FN:514,(anonymous_13)
FN:534,(anonymous_14)
FN:598,(anonymous_15)
FN:617,(anonymous_16)
FN:636,(anonymous_17)
FN:656,(anonymous_18)
FN:676,(anonymous_19)
FN:710,(anonymous_20)
FN:733,(anonymous_21)
FN:782,(anonymous_22)
FN:836,(anonymous_23)
FN:942,(anonymous_24)
FN:971,(anonymous_25)
FN:972,(anonymous_26)
FN:977,(anonymous_27)
FN:980,(anonymous_28)
FNF:29
FNH:0
FNDA:0,(anonymous_0)
FNDA:0,(anonymous_1)
FNDA:0,(anonymous_2)
FNDA:0,(anonymous_3)
FNDA:0,(anonymous_4)
FNDA:0,generateSequentialTestName
FNDA:0,(anonymous_6)
FNDA:0,(anonymous_7)
FNDA:0,(anonymous_8)
FNDA:0,(anonymous_9)
FNDA:0,(anonymous_10)
FNDA:0,(anonymous_11)
FNDA:0,(anonymous_12)
FNDA:0,(anonymous_13)
FNDA:0,(anonymous_14)
FNDA:0,(anonymous_15)
FNDA:0,(anonymous_16)
FNDA:0,(anonymous_17)
FNDA:0,(anonymous_18)
FNDA:0,(anonymous_19)
FNDA:0,(anonymous_20)
FNDA:0,(anonymous_21)
FNDA:0,(anonymous_22)
FNDA:0,(anonymous_23)
FNDA:0,(anonymous_24)
FNDA:0,(anonymous_25)
FNDA:0,(anonymous_26)
FNDA:0,(anonymous_27)
FNDA:0,(anonymous_28)
DA:6,0
DA:7,0
DA:8,0
DA:9,0
DA:10,0
DA:14,0
DA:15,0
DA:16,0
DA:17,0
DA:24,0
DA:32,0
DA:34,0
DA:37,0
DA:38,0
DA:40,0
DA:41,0
DA:48,0
DA:49,0
DA:58,0
DA:62,0
DA:74,0
DA:78,0
DA:93,0
DA:94,0
DA:102,0
DA:103,0
DA:107,0
DA:120,0
DA:121,0
DA:124,0
DA:133,0
DA:134,0
DA:135,0
DA:138,0
DA:144,0
DA:145,0
DA:148,0
DA:151,0
DA:160,0
DA:161,0
DA:162,0
DA:165,0
DA:167,0
DA:169,0
DA:180,0
DA:181,0
DA:182,0
DA:184,0
DA:185,0
DA:189,0
DA:195,0
DA:196,0
DA:198,0
DA:199,0
DA:208,0
DA:224,0
DA:227,0
DA:228,0
DA:229,0
DA:232,0
DA:234,0
DA:238,0
DA:247,0
DA:248,0
DA:252,0
DA:254,0
DA:255,0
DA:257,0
DA:260,0
DA:263,0
DA:267,0
DA:270,0
DA:280,0
DA:283,0
DA:293,0
DA:300,0
DA:306,0
DA:307,0
DA:315,0
DA:318,0
DA:319,0
DA:322,0
DA:323,0
DA:324,0
DA:334,0
DA:336,0
DA:341,0
DA:342,0
DA:346,0
DA:347,0
DA:349,0
DA:352,0
DA:353,0
DA:356,0
DA:359,0
DA:361,0
DA:362,0
DA:368,0
DA:369,0
DA:370,0
DA:373,0
DA:374,0
DA:375,0
DA:376,0
DA:378,0
DA:379,0
DA:381,0
DA:382,0
DA:383,0
DA:384,0
DA:385,0
DA:391,0
DA:401,0
DA:402,0
DA:406,0
DA:409,0
DA:410,0
DA:413,0
DA:414,0
DA:415,0
DA:424,0
DA:426,0
DA:430,0
DA:431,0
DA:435,0
DA:438,0
DA:444,0
DA:446,0
DA:449,0
DA:452,0
DA:463,0
DA:464,0
DA:465,0
DA:466,0
DA:474,0
DA:475,0
DA:482,0
DA:487,0
DA:488,0
DA:489,0
DA:490,0
DA:492,0
DA:496,0
DA:499,0
DA:502,0
DA:503,0
DA:504,0
DA:514,0
DA:515,0
DA:517,0
DA:524,0
DA:525,0
DA:529,0
DA:530,0
DA:531,0
DA:532,0
DA:534,0
DA:536,0
DA:537,0
DA:539,0
DA:541,0
DA:549,0
DA:550,0
DA:551,0
DA:552,0
DA:553,0
DA:554,0
DA:558,0
DA:559,0
DA:567,0
DA:574,0
DA:575,0
DA:576,0
DA:577,0
DA:583,0
DA:588,0
DA:590,0
DA:599,0
DA:600,0
DA:601,0
DA:602,0
DA:604,0
DA:605,0
DA:606,0
DA:607,0
DA:610,0
DA:611,0
DA:613,0
DA:614,0
DA:615,0
DA:618,0
DA:619,0
DA:620,0
DA:621,0
DA:623,0
DA:624,0
DA:625,0
DA:626,0
DA:629,0
DA:630,0
DA:632,0
DA:633,0
DA:634,0
DA:637,0
DA:638,0
DA:639,0
DA:640,0
DA:642,0
DA:643,0
DA:644,0
DA:645,0
DA:648,0
DA:649,0
DA:651,0
DA:652,0
DA:653,0
DA:657,0
DA:658,0
DA:659,0
DA:660,0
DA:662,0
DA:663,0
DA:664,0
DA:665,0
DA:668,0
DA:669,0
DA:671,0
DA:672,0
DA:673,0
DA:677,0
DA:678,0
DA:679,0
DA:680,0
DA:682,0
DA:683,0
DA:684,0
DA:685,0
DA:688,0
DA:689,0
DA:691,0
DA:692,0
DA:693,0
DA:711,0
DA:712,0
DA:713,0
DA:714,0
DA:715,0
DA:716,0
DA:717,0
DA:718,0
DA:723,0
DA:725,0
DA:726,0
DA:729,0
DA:733,0
DA:734,0
DA:736,0
DA:746,0
DA:753,0
DA:761,0
DA:762,0
DA:765,0
DA:766,0
DA:770,0
DA:772,0
DA:775,0
DA:777,0
DA:778,0
DA:783,0
DA:784,0
DA:785,0
DA:786,0
DA:787,0
DA:788,0
DA:789,0
DA:790,0
DA:792,0
DA:793,0
DA:796,0
DA:797,0
DA:821,0
DA:822,0
DA:832,0
DA:833,0
DA:834,0
DA:836,0
DA:837,0
DA:838,0
DA:839,0
DA:840,0
DA:842,0
DA:844,0
DA:845,0
DA:850,0
DA:851,0
DA:855,0
DA:856,0
DA:858,0
DA:859,0
DA:862,0
DA:894,0
DA:895,0
DA:905,0
DA:906,0
DA:907,0
DA:908,0
DA:910,0
DA:914,0
DA:915,0
DA:916,0
DA:917,0
DA:919,0
DA:920,0
DA:922,0
DA:928,0
DA:930,0
DA:931,0
DA:932,0
DA:934,0
DA:935,0
DA:938,0
DA:939,0
DA:942,0
DA:958,0
DA:960,0
DA:961,0
DA:964,0
DA:968,0
DA:970,0
DA:971,0
DA:972,0
DA:974,0
DA:975,0
DA:977,0
DA:980,0
DA:986,0
DA:987,0
DA:988,0
DA:989,0
DA:990,0
DA:1002,0
DA:1003,0
DA:1005,0
DA:1007,0
DA:1008,0
DA:1012,0
LF:346
LH:0
BRDA:24,0,0,0
BRDA:26,1,0,0
BRDA:27,2,0,0
BRDA:28,3,0,0
BRDA:29,4,0,0
BRDA:30,5,0,0
BRDA:31,6,0,0
BRDA:37,7,0,0
BRDA:37,7,1,0
BRDA:40,8,0,0
BRDA:40,8,1,0
BRDA:58,9,0,0
BRDA:58,9,1,0
BRDA:102,10,0,0
BRDA:102,10,1,0
BRDA:120,11,0,0
BRDA:120,11,1,0
BRDA:135,12,0,0
BRDA:135,12,1,0
BRDA:144,13,0,0
BRDA:144,13,1,0
BRDA:144,14,0,0
BRDA:144,14,1,0
BRDA:144,14,2,0
BRDA:160,15,0,0
BRDA:160,15,1,0
BRDA:161,16,0,0
BRDA:161,16,1,0
BRDA:167,17,0,0
BRDA:167,17,1,0
BRDA:167,18,0,0
BRDA:167,18,1,0
BRDA:167,18,2,0
BRDA:180,19,0,0
BRDA:180,19,1,0
BRDA:180,20,0,0
BRDA:180,20,1,0
BRDA:180,20,2,0
BRDA:228,21,0,0
BRDA:228,21,1,0
BRDA:247,22,0,0
BRDA:247,22,1,0
BRDA:255,23,0,0
BRDA:255,23,1,0
BRDA:260,24,0,0
BRDA:260,24,1,0
BRDA:271,25,0,0
BRDA:271,25,1,0
BRDA:280,26,0,0
BRDA:280,26,1,0
BRDA:288,27,0,0
BRDA:288,27,1,0
BRDA:341,28,0,0
BRDA:341,28,1,0
BRDA:352,29,0,0
BRDA:352,29,1,0
BRDA:353,30,0,0
BRDA:353,30,1,0
BRDA:369,31,0,0
BRDA:369,31,1,0
BRDA:373,32,0,0
BRDA:373,32,1,0
BRDA:373,33,0,0
BRDA:373,33,1,0
BRDA:378,34,0,0
BRDA:378,34,1,0
BRDA:378,35,0,0
BRDA:378,35,1,0
BRDA:382,36,0,0
BRDA:382,36,1,0
BRDA:384,37,0,0
BRDA:384,37,1,0
BRDA:387,38,0,0
BRDA:387,38,1,0
BRDA:388,39,0,0
BRDA:388,39,1,0
BRDA:401,40,0,0
BRDA:401,40,1,0
BRDA:430,41,0,0
BRDA:430,41,1,0
BRDA:465,42,0,0
BRDA:465,42,1,0
BRDA:465,43,0,0
BRDA:465,43,1,0
BRDA:489,44,0,0
BRDA:489,44,1,0
BRDA:514,45,0,0
BRDA:524,46,0,0
BRDA:524,46,1,0
BRDA:530,47,0,0
BRDA:530,47,1,0
BRDA:532,48,0,0
BRDA:532,48,1,0
BRDA:532,49,0,0
BRDA:532,49,1,0
BRDA:552,50,0,0
BRDA:552,50,1,0
BRDA:552,51,0,0
BRDA:552,51,1,0
BRDA:558,52,0,0
BRDA:558,52,1,0
BRDA:576,53,0,0
BRDA:576,53,1,0
BRDA:576,54,0,0
BRDA:576,54,1,0
BRDA:593,55,0,0
BRDA:593,55,1,0
BRDA:594,56,0,0
BRDA:594,56,1,0
BRDA:596,57,0,0
BRDA:596,57,1,0
BRDA:597,58,0,0
BRDA:597,58,1,0
BRDA:597,59,0,0
BRDA:597,59,1,0
BRDA:598,60,0,0
BRDA:598,60,1,0
BRDA:604,61,0,0
BRDA:604,61,1,0
BRDA:617,62,0,0
BRDA:617,62,1,0
BRDA:623,63,0,0
BRDA:623,63,1,0
BRDA:636,64,0,0
BRDA:636,64,1,0
BRDA:642,65,0,0
BRDA:642,65,1,0
BRDA:656,66,0,0
BRDA:656,66,1,0
BRDA:662,67,0,0
BRDA:662,67,1,0
BRDA:676,68,0,0
BRDA:676,68,1,0
BRDA:682,69,0,0
BRDA:682,69,1,0
BRDA:696,70,0,0
BRDA:696,70,1,0
BRDA:697,71,0,0
BRDA:697,71,1,0
BRDA:698,72,0,0
BRDA:698,72,1,0
BRDA:699,73,0,0
BRDA:699,73,1,0
BRDA:700,74,0,0
BRDA:700,74,1,0
BRDA:703,75,0,0
BRDA:703,75,1,0
BRDA:704,76,0,0
BRDA:704,76,1,0
BRDA:705,77,0,0
BRDA:705,77,1,0
BRDA:706,78,0,0
BRDA:706,78,1,0
BRDA:707,79,0,0
BRDA:707,79,1,0
BRDA:708,80,0,0
BRDA:708,80,1,0
BRDA:709,81,0,0
BRDA:709,81,1,0
BRDA:709,82,0,0
BRDA:709,82,1,0
BRDA:713,83,0,0
BRDA:713,83,1,0
BRDA:716,84,0,0
BRDA:716,84,1,0
BRDA:723,85,0,0
BRDA:723,85,1,0
BRDA:725,86,0,0
BRDA:725,86,1,0
BRDA:725,87,0,0
BRDA:725,87,1,0
BRDA:738,88,0,0
BRDA:738,88,1,0
BRDA:738,88,2,0
BRDA:739,89,0,0
BRDA:739,89,1,0
BRDA:740,90,0,0
BRDA:740,90,1,0
BRDA:741,91,0,0
BRDA:741,91,1,0
BRDA:746,92,0,0
BRDA:746,92,1,0
BRDA:746,93,0,0
BRDA:746,93,1,0
BRDA:746,93,2,0
BRDA:746,93,3,0
BRDA:746,93,4,0
BRDA:746,93,5,0
BRDA:746,93,6,0
BRDA:746,93,7,0
BRDA:755,94,0,0
BRDA:755,94,1,0
BRDA:755,94,2,0
BRDA:755,94,3,0
BRDA:756,95,0,0
BRDA:756,95,1,0
BRDA:756,95,2,0
BRDA:757,96,0,0
BRDA:757,96,1,0
BRDA:757,96,2,0
BRDA:758,97,0,0
BRDA:758,97,1,0
BRDA:758,97,2,0
BRDA:781,98,0,0
BRDA:781,98,1,0
BRDA:781,99,0,0
BRDA:781,99,1,0
BRDA:784,100,0,0
BRDA:784,100,1,0
BRDA:788,101,0,0
BRDA:788,101,1,0
BRDA:800,102,0,0
BRDA:800,102,1,0
BRDA:801,103,0,0
BRDA:801,103,1,0
BRDA:802,104,0,0
BRDA:802,104,1,0
BRDA:803,105,0,0
BRDA:803,105,1,0
BRDA:807,106,0,0
BRDA:807,106,1,0
BRDA:810,107,0,0
BRDA:810,107,1,0
BRDA:811,108,0,0
BRDA:811,108,1,0
BRDA:812,109,0,0
BRDA:812,109,1,0
BRDA:813,110,0,0
BRDA:813,110,1,0
BRDA:814,111,0,0
BRDA:814,111,1,0
BRDA:821,112,0,0
BRDA:821,112,1,0
BRDA:821,113,0,0
BRDA:821,113,1,0
BRDA:825,114,0,0
BRDA:825,114,1,0
BRDA:826,115,0,0
BRDA:826,115,1,0
BRDA:827,116,0,0
BRDA:827,116,1,0
BRDA:828,117,0,0
BRDA:828,117,1,0
BRDA:832,118,0,0
BRDA:832,118,1,0
BRDA:832,119,0,0
BRDA:832,119,1,0
BRDA:833,120,0,0
BRDA:833,120,1,0
BRDA:834,121,0,0
BRDA:834,121,1,0
BRDA:834,122,0,0
BRDA:834,122,1,0
BRDA:836,123,0,0
BRDA:836,123,1,0
BRDA:839,124,0,0
BRDA:839,124,1,0
BRDA:850,125,0,0
BRDA:850,125,1,0
BRDA:850,126,0,0
BRDA:850,126,1,0
BRDA:852,127,0,0
BRDA:852,127,1,0
BRDA:853,128,0,0
BRDA:853,128,1,0
BRDA:855,129,0,0
BRDA:855,129,1,0
BRDA:855,130,0,0
BRDA:855,130,1,0
BRDA:856,131,0,0
BRDA:856,131,1,0
BRDA:894,132,0,0
BRDA:894,132,1,0
BRDA:907,133,0,0
BRDA:907,133,1,0
BRDA:928,134,0,0
BRDA:928,134,1,0
BRDA:928,135,0,0
BRDA:928,135,1,0
BRDA:930,136,0,0
BRDA:930,136,1,0
BRDA:930,137,0,0
BRDA:930,137,1,0
BRDA:930,137,2,0
BRDA:934,138,0,0
BRDA:934,138,1,0
BRDA:938,139,0,0
BRDA:938,139,1,0
BRDA:946,140,0,0
BRDA:946,140,1,0
BRDA:947,141,0,0
BRDA:947,141,1,0
BRDA:952,142,0,0
BRDA:952,142,1,0
BRDA:997,143,0,0
BRDA:997,143,1,0
BRDA:998,144,0,0
BRDA:998,144,1,0
BRDA:1002,145,0,0
BRDA:1002,145,1,0
BRDA:1002,146,0,0
BRDA:1002,146,1,0
BRF:302
BRH:0
end_of_record
TN:
SF:services\userService.js
FN:22,(anonymous_0)
FN:32,(anonymous_1)
FN:72,(anonymous_2)
FN:97,(anonymous_3)
FN:115,(anonymous_4)
FN:158,(anonymous_5)
FN:211,(anonymous_6)
FN:239,(anonymous_7)
FNF:8
FNH:0
FNDA:0,(anonymous_0)
FNDA:0,(anonymous_1)
FNDA:0,(anonymous_2)
FNDA:0,(anonymous_3)
FNDA:0,(anonymous_4)
FNDA:0,(anonymous_5)
FNDA:0,(anonymous_6)
FNDA:0,(anonymous_7)
DA:6,0
DA:7,0
DA:8,0
DA:9,0
DA:15,0
DA:16,0
DA:22,0
DA:23,0
DA:24,0
DA:32,0
DA:34,0
DA:35,0
DA:36,0
DA:39,0
DA:42,0
DA:45,0
DA:46,0
DA:47,0
DA:51,0
DA:59,0
DA:72,0
DA:73,0
DA:75,0
DA:82,0
DA:97,0
DA:98,0
DA:102,0
DA:103,0
DA:106,0
DA:115,0
DA:117,0
DA:118,0
DA:119,0
DA:122,0
DA:125,0
DA:126,0
DA:130,0
DA:131,0
DA:132,0
DA:135,0
DA:143,0
DA:158,0
DA:160,0
DA:161,0
DA:162,0
DA:166,0
DA:167,0
DA:170,0
DA:171,0
DA:175,0
DA:176,0
DA:177,0
DA:181,0
DA:182,0
DA:183,0
DA:184,0
DA:188,0
DA:189,0
DA:190,0
DA:191,0
DA:196,0
DA:198,0
DA:202,0
DA:211,0
DA:213,0
DA:214,0
DA:215,0
DA:219,0
DA:220,0
DA:224,0
DA:225,0
DA:229,0
DA:230,0
DA:239,0
DA:240,0
DA:242,0
DA:243,0
DA:244,0
DA:249,0
DA:250,0
DA:252,0
DA:254,0
DA:255,0
DA:259,0
DA:260,0
DA:261,0
DA:265,0
DA:266,0
DA:269,0
DA:270,0
DA:274,0
DA:279,0
DA:281,0
DA:286,0
DA:287,0
DA:289,0
DA:290,0
DA:293,0
DA:295,0
DA:296,0
DA:300,0
LF:101
LH:0
BRDA:35,0,0,0
BRDA:35,0,1,0
BRDA:46,1,0,0
BRDA:46,1,1,0
BRDA:72,2,0,0
BRDA:73,3,0,0
BRDA:73,4,0,0
BRDA:73,5,0,0
BRDA:73,6,0,0
BRDA:102,7,0,0
BRDA:102,7,1,0
BRDA:118,8,0,0
BRDA:118,8,1,0
BRDA:125,9,0,0
BRDA:125,9,1,0
BRDA:125,10,0,0
BRDA:125,10,1,0
BRDA:131,11,0,0
BRDA:131,11,1,0
BRDA:161,12,0,0
BRDA:161,12,1,0
BRDA:166,13,0,0
BRDA:166,13,1,0
BRDA:166,14,0,0
BRDA:166,14,1,0
BRDA:170,15,0,0
BRDA:170,15,1,0
BRDA:170,16,0,0
BRDA:170,16,1,0
BRDA:170,16,2,0
BRDA:176,17,0,0
BRDA:176,17,1,0
BRDA:181,18,0,0
BRDA:181,18,1,0
BRDA:181,19,0,0
BRDA:181,19,1,0
BRDA:183,20,0,0
BRDA:183,20,1,0
BRDA:189,21,0,0
BRDA:189,21,1,0
BRDA:190,22,0,0
BRDA:190,22,1,0
BRDA:191,23,0,0
BRDA:191,23,1,0
BRDA:214,24,0,0
BRDA:214,24,1,0
BRDA:219,25,0,0
BRDA:219,25,1,0
BRDA:219,26,0,0
BRDA:219,26,1,0
BRDA:224,27,0,0
BRDA:224,27,1,0
BRDA:254,28,0,0
BRDA:254,28,1,0
BRDA:260,29,0,0
BRDA:260,29,1,0
BRDA:265,30,0,0
BRDA:265,30,1,0
BRDA:265,31,0,0
BRDA:265,31,1,0
BRDA:269,32,0,0
BRDA:269,32,1,0
BRDA:269,33,0,0
BRDA:269,33,1,0
BRDA:286,34,0,0
BRDA:286,34,1,0
BRF:66
BRH:0
end_of_record
TN:
SF:utils\apiResponse.js
FN:14,(anonymous_0)
FN:30,(anonymous_1)
FN:52,(anonymous_2)
FNF:3
FNH:0
FNDA:0,(anonymous_0)
FNDA:0,(anonymous_1)
FNDA:0,(anonymous_2)
DA:14,0
DA:15,0
DA:30,0
DA:31,0
DA:36,0
DA:37,0
DA:40,0
DA:52,0
DA:53,0
DA:61,0
LF:10
LH:0
BRDA:14,0,0,0
BRDA:14,1,0,0
BRDA:14,2,0,0
BRDA:30,3,0,0
BRDA:30,4,0,0
BRDA:30,5,0,0
BRDA:36,6,0,0
BRDA:36,6,1,0
BRDA:52,7,0,0
BRDA:52,8,0,0
BRF:10
BRH:0
end_of_record
TN:
SF:utils\errors.js
FN:10,(anonymous_0)
FN:22,(anonymous_1)
FN:31,(anonymous_2)
FN:41,(anonymous_3)
FN:50,(anonymous_4)
FN:59,(anonymous_5)
FNF:6
FNH:0
FNDA:0,(anonymous_0)
FNDA:0,(anonymous_1)
FNDA:0,(anonymous_2)
FNDA:0,(anonymous_3)
FNDA:0,(anonymous_4)
FNDA:0,(anonymous_5)
DA:11,0
DA:12,0
DA:13,0
DA:14,0
DA:23,0
DA:32,0
DA:33,0
DA:42,0
DA:51,0
DA:60,0
DA:64,1
LF:11
LH:1
BRDA:10,0,0,0
BRDA:22,1,0,0
BRDA:31,2,0,0
BRDA:31,3,0,0
BRDA:41,4,0,0
BRDA:50,5,0,0
BRDA:59,6,0,0
BRF:7
BRH:0
end_of_record
TN:
SF:utils\fileStorage.js
FN:10,resolveEnvPath
FN:13,(anonymous_1)
FN:50,(anonymous_2)
FN:73,(anonymous_3)
FN:84,(anonymous_4)
FN:100,(anonymous_5)
FN:101,(anonymous_6)
FN:105,(anonymous_7)
FN:106,(anonymous_8)
FN:107,(anonymous_9)
FN:112,(anonymous_10)
FNF:11
FNH:0
FNDA:0,resolveEnvPath
FNDA:0,(anonymous_1)
FNDA:0,(anonymous_2)
FNDA:0,(anonymous_3)
FNDA:0,(anonymous_4)
FNDA:0,(anonymous_5)
FNDA:0,(anonymous_6)
FNDA:0,(anonymous_7)
FNDA:0,(anonymous_8)
FNDA:0,(anonymous_9)
FNDA:0,(anonymous_10)
DA:2,0
DA:3,0
DA:4,0
DA:5,0
DA:6,0
DA:7,0
DA:11,0
DA:13,0
DA:14,0
DA:17,0
DA:21,0
DA:22,0
DA:26,0
DA:30,0
DA:34,0
DA:35,0
DA:38,0
DA:39,0
DA:40,0
DA:43,0
DA:44,0
DA:45,0
DA:49,0
DA:51,0
DA:52,0
DA:53,0
DA:56,0
DA:57,0
DA:58,0
DA:61,0
DA:62,0
DA:63,0
DA:65,0
DA:66,0
DA:67,0
DA:69,0
DA:70,0
DA:75,0
DA:76,0
DA:77,0
DA:78,0
DA:79,0
DA:84,0
DA:86,0
DA:90,0
DA:100,0
DA:101,0
DA:102,0
DA:103,0
DA:105,0
DA:106,0
DA:107,0
DA:112,0
DA:113,0
DA:114,0
DA:115,0
DA:118,0
DA:119,0
DA:121,0
DA:122,0
DA:124,0
DA:125,0
DA:127,0
DA:128,0
DA:130,0
DA:131,0
DA:134,0
DA:135,0
DA:139,0
DA:143,0
DA:148,0
LF:71
LH:0
BRDA:11,0,0,0
BRDA:11,0,1,0
BRDA:14,1,0,0
BRDA:14,1,1,0
BRDA:21,2,0,0
BRDA:21,2,1,0
BRDA:22,3,0,0
BRDA:22,3,1,0
BRDA:26,4,0,0
BRDA:26,4,1,0
BRDA:30,5,0,0
BRDA:30,5,1,0
BRDA:38,6,0,0
BRDA:38,6,1,0
BRDA:43,7,0,0
BRDA:43,7,1,0
BRDA:56,8,0,0
BRDA:56,8,1,0
BRDA:62,9,0,0
BRDA:62,9,1,0
BRDA:66,10,0,0
BRDA:66,10,1,0
BRDA:112,11,0,0
BRDA:114,12,0,0
BRDA:114,12,1,0
BRDA:127,13,0,0
BRDA:127,13,1,0
BRDA:128,14,0,0
BRDA:128,14,1,0
BRF:29
BRH:0
end_of_record
TN:
SF:utils\fileUtils.js
FN:17,(anonymous_0)
FN:64,(anonymous_1)
FNF:2
FNH:0
FNDA:0,(anonymous_0)
FNDA:0,(anonymous_1)
DA:6,0
DA:7,0
DA:8,0
DA:9,0
DA:17,0
DA:18,0
DA:20,0
DA:34,0
DA:36,0
DA:37,0
DA:38,0
DA:41,0
DA:42,0
DA:43,0
DA:46,0
DA:48,0
DA:51,0
DA:53,0
DA:54,0
DA:64,0
DA:65,0
DA:67,0
DA:71,0
DA:72,0
DA:74,0
DA:77,0
DA:78,0
DA:79,0
DA:83,0
DA:84,0
DA:86,0
DA:88,0
DA:89,0
DA:93,0
LF:34
LH:0
BRDA:17,0,0,0
BRDA:41,1,0,0
BRDA:41,1,1,0
BRDA:41,2,0,0
BRDA:41,2,1,0
BRDA:41,2,2,0
BRDA:64,3,0,0
BRDA:67,4,0,0
BRDA:67,4,1,0
BRDA:67,4,2,0
BRDA:71,5,0,0
BRDA:71,5,1,0
BRDA:77,6,0,0
BRDA:77,6,1,0
BRF:14
BRH:0
end_of_record
TN:
SF:utils\logger.js
FN:24,(anonymous_0)
FN:34,(anonymous_1)
FN:47,(anonymous_2)
FN:58,(anonymous_3)
FN:69,(anonymous_4)
FN:80,(anonymous_5)
FN:91,(anonymous_6)
FNF:7
FNH:0
FNDA:0,(anonymous_0)
FNDA:0,(anonymous_1)
FNDA:0,(anonymous_2)
FNDA:0,(anonymous_3)
FNDA:0,(anonymous_4)
FNDA:0,(anonymous_5)
FNDA:0,(anonymous_6)
DA:7,0
DA:8,0
DA:11,0
DA:24,0
DA:25,0
DA:34,0
DA:35,0
DA:41,0
DA:48,0
DA:49,0
DA:59,0
DA:60,0
DA:70,0
DA:71,0
DA:81,0
DA:82,0
DA:92,0
DA:93,0
DA:98,0
LF:19
LH:0
BRDA:8,0,0,0
BRDA:8,0,1,0
BRDA:8,1,0,0
BRDA:8,1,1,0
BRDA:47,2,0,0
BRDA:48,3,0,0
BRDA:48,3,1,0
BRDA:49,4,0,0
BRDA:49,4,1,0
BRDA:58,5,0,0
BRDA:59,6,0,0
BRDA:59,6,1,0
BRDA:60,7,0,0
BRDA:60,7,1,0
BRDA:69,8,0,0
BRDA:70,9,0,0
BRDA:70,9,1,0
BRDA:71,10,0,0
BRDA:71,10,1,0
BRDA:80,11,0,0
BRDA:81,12,0,0
BRDA:81,12,1,0
BRDA:82,13,0,0
BRDA:82,13,1,0
BRDA:91,14,0,0
BRDA:92,15,0,0
BRDA:92,15,1,0
BRDA:93,16,0,0
BRDA:93,16,1,0
BRF:29
BRH:0
end_of_record
TN:
SF:utils\validators.js
FN:14,(anonymous_0)
FN:36,(anonymous_1)
FN:72,(anonymous_2)
FN:92,(anonymous_3)
FN:107,(anonymous_4)
FNF:5
FNH:0
FNDA:0,(anonymous_0)
FNDA:0,(anonymous_1)
FNDA:0,(anonymous_2)
FNDA:0,(anonymous_3)
FNDA:0,(anonymous_4)
DA:6,0
DA:7,0
DA:14,0
DA:15,0
DA:17,0
DA:18,0
DA:21,0
DA:22,0
DA:25,0
DA:36,0
DA:37,0
DA:40,0
DA:42,0
DA:43,0
DA:44,0
DA:45,0
DA:49,0
DA:50,0
DA:51,0
DA:52,0
DA:56,0
DA:57,0
DA:58,0
DA:61,0
DA:72,0
DA:73,0
DA:76,0
DA:77,0
DA:80,0
DA:92,0
DA:93,0
DA:94,0
DA:95,0
DA:98,0
DA:99,0
DA:107,0
DA:108,0
DA:109,0
DA:112,0
LF:39
LH:0
BRDA:17,0,0,0
BRDA:17,0,1,0
BRDA:21,1,0,0
BRDA:21,1,1,0
BRDA:21,2,0,0
BRDA:21,2,1,0
BRDA:21,2,2,0
BRDA:40,3,0,0
BRDA:40,3,1,0
BRDA:42,4,0,0
BRDA:42,4,1,0
BRDA:42,5,0,0
BRDA:42,5,1,0
BRDA:42,5,2,0
BRDA:44,6,0,0
BRDA:44,6,1,0
BRDA:44,7,0,0
BRDA:44,7,1,0
BRDA:49,8,0,0
BRDA:49,8,1,0
BRDA:49,9,0,0
BRDA:49,9,1,0
BRDA:49,9,2,0
BRDA:51,10,0,0
BRDA:51,10,1,0
BRDA:51,11,0,0
BRDA:51,11,1,0
BRDA:57,12,0,0
BRDA:57,12,1,0
BRDA:57,13,0,0
BRDA:57,13,1,0
BRDA:76,14,0,0
BRDA:76,14,1,0
BRDA:76,15,0,0
BRDA:76,15,1,0
BRDA:92,16,0,0
BRDA:94,17,0,0
BRDA:94,17,1,0
BRF:38
BRH:0
end_of_record
