TN:
SF:controllers\authController.js
FN:23,(anonymous_0)
FN:34,(anonymous_1)
FN:90,(anonymous_2)
FN:114,(anonymous_3)
FN:172,(anonymous_4)
FNF:5
FNH:1
FNDA:8,(anonymous_0)
FNDA:0,(anonymous_1)
FNDA:0,(anonymous_2)
FNDA:0,(anonymous_3)
FNDA:0,(anonymous_4)
DA:6,2
DA:7,2
DA:8,2
DA:9,2
DA:10,2
DA:11,2
DA:12,2
DA:13,2
DA:23,2
DA:24,8
DA:25,8
DA:28,8
DA:31,8
DA:32,0
DA:34,0
DA:36,0
DA:39,0
DA:45,0
DA:52,0
DA:54,0
DA:57,0
DA:65,0
DA:68,0
DA:77,8
DA:78,8
DA:90,2
DA:91,0
DA:95,0
DA:96,0
DA:99,0
DA:101,0
DA:102,0
DA:114,2
DA:115,0
DA:116,0
DA:118,0
DA:119,0
DA:126,0
DA:127,0
DA:128,0
DA:131,0
DA:141,0
DA:142,0
DA:151,0
DA:160,0
DA:161,0
DA:172,2
DA:173,0
DA:174,0
DA:176,0
DA:183,0
DA:186,0
DA:188,0
DA:189,0
DA:193,2
LF:55
LH:19
BRDA:32,0,0,0
BRDA:32,0,1,0
BRDA:32,1,0,0
BRDA:32,1,1,0
BRDA:65,2,0,0
BRDA:65,2,1,0
BRDA:65,3,0,0
BRDA:65,3,1,0
BRDA:95,4,0,0
BRDA:95,4,1,0
BRDA:118,5,0,0
BRDA:118,5,1,0
BRDA:118,6,0,0
BRDA:118,6,1,0
BRDA:141,7,0,0
BRDA:141,7,1,0
BRDA:174,8,0,0
BRDA:174,8,1,0
BRF:18
BRH:0
end_of_record
TN:
SF:controllers\userController.js
FN:19,(anonymous_0)
FN:85,(anonymous_1)
FN:129,(anonymous_2)
FN:153,(anonymous_3)
FN:184,(anonymous_4)
FN:212,(anonymous_5)
FN:243,(anonymous_6)
FN:262,(anonymous_7)
FN:280,(anonymous_8)
FNF:9
FNH:1
FNDA:9,(anonymous_0)
FNDA:0,(anonymous_1)
FNDA:0,(anonymous_2)
FNDA:0,(anonymous_3)
FNDA:0,(anonymous_4)
FNDA:0,(anonymous_5)
FNDA:0,(anonymous_6)
FNDA:0,(anonymous_7)
FNDA:0,(anonymous_8)
DA:6,2
DA:7,2
DA:8,2
DA:9,2
DA:19,2
DA:20,9
DA:21,9
DA:22,9
DA:25,9
DA:28,9
DA:30,7
DA:32,7
DA:38,7
DA:40,5
DA:49,2
DA:50,2
DA:56,0
DA:63,0
DA:65,0
DA:72,2
DA:73,2
DA:85,2
DA:86,0
DA:87,0
DA:94,0
DA:102,0
DA:109,0
DA:116,0
DA:117,0
DA:129,2
DA:130,0
DA:131,0
DA:133,0
DA:136,0
DA:138,0
DA:140,0
DA:141,0
DA:153,2
DA:154,0
DA:155,0
DA:156,0
DA:158,0
DA:159,0
DA:162,0
DA:167,0
DA:169,0
DA:171,0
DA:172,0
DA:184,2
DA:185,0
DA:186,0
DA:187,0
DA:188,0
DA:190,0
DA:195,0
DA:197,0
DA:199,0
DA:200,0
DA:212,2
DA:213,0
DA:214,0
DA:215,0
DA:217,0
DA:218,0
DA:221,0
DA:226,0
DA:228,0
DA:230,0
DA:231,0
DA:243,2
DA:244,0
DA:245,0
DA:248,0
DA:250,0
DA:252,0
DA:253,0
DA:262,2
DA:263,0
DA:264,0
DA:265,0
DA:266,0
DA:267,0
DA:269,0
DA:280,2
DA:281,0
DA:282,0
DA:283,0
DA:285,0
DA:290,0
DA:293,0
DA:294,0
DA:298,0
DA:301,0
DA:303,0
DA:305,0
DA:306,0
DA:310,2
LF:97
LH:27
BRDA:28,0,0,7
BRDA:28,0,1,2
BRDA:28,1,0,9
BRDA:28,1,1,7
BRDA:49,2,0,2
BRDA:49,2,1,0
BRDA:87,3,0,0
BRDA:87,3,1,0
BRDA:158,4,0,0
BRDA:158,4,1,0
BRDA:158,5,0,0
BRDA:158,5,1,0
BRDA:158,5,2,0
BRDA:217,6,0,0
BRDA:217,6,1,0
BRDA:262,7,0,0
BRDA:293,8,0,0
BRDA:293,8,1,0
BRDA:293,9,0,0
BRDA:293,9,1,0
BRF:20
BRH:5
end_of_record
TN:
SF:middleware\access-control.js
FNF:0
FNH:0
DA:21,2
DA:22,2
DA:38,2
DA:52,2
DA:63,2
DA:86,2
DA:108,2
DA:127,2
DA:147,2
DA:153,2
LF:10
LH:10
BRF:0
BRH:0
end_of_record
TN:
SF:middleware\auth.js
FN:46,(anonymous_0)
FN:183,(anonymous_1)
FN:294,(anonymous_2)
FN:295,(anonymous_3)
FN:328,(anonymous_4)
FN:361,(anonymous_5)
FN:396,(anonymous_6)
FNF:7
FNH:0
FNDA:0,(anonymous_0)
FNDA:0,(anonymous_1)
FNDA:0,(anonymous_2)
FNDA:0,(anonymous_3)
FNDA:0,(anonymous_4)
FNDA:0,(anonymous_5)
FNDA:0,(anonymous_6)
DA:14,2
DA:15,2
DA:16,2
DA:17,2
DA:20,2
DA:22,2
DA:46,2
DA:50,0
DA:51,0
DA:53,0
DA:54,0
DA:57,0
DA:58,0
DA:61,0
DA:62,0
DA:68,0
DA:69,0
DA:74,0
DA:76,0
DA:77,0
DA:78,0
DA:79,0
DA:80,0
DA:81,0
DA:82,0
DA:83,0
DA:88,0
DA:89,0
DA:90,0
DA:92,0
DA:93,0
DA:94,0
DA:95,0
DA:99,0
DA:100,0
DA:101,0
DA:102,0
DA:110,0
DA:112,0
DA:113,0
DA:121,0
DA:128,0
DA:129,0
DA:131,0
DA:132,0
DA:135,0
DA:136,0
DA:140,0
DA:141,0
DA:146,0
DA:147,0
DA:153,0
DA:183,2
DA:187,0
DA:188,0
DA:192,0
DA:193,0
DA:197,0
DA:200,0
DA:202,0
DA:203,0
DA:204,0
DA:210,0
DA:213,0
DA:214,0
DA:215,0
DA:217,0
DA:218,0
DA:219,0
DA:223,0
DA:224,0
DA:225,0
DA:232,0
DA:234,0
DA:235,0
DA:242,0
DA:250,0
DA:253,0
DA:255,0
DA:259,0
DA:260,0
DA:266,0
DA:294,2
DA:295,0
DA:297,0
DA:298,0
DA:304,0
DA:328,2
DA:330,0
DA:331,0
DA:337,0
DA:361,2
DA:363,0
DA:364,0
DA:370,0
DA:396,2
DA:398,0
DA:399,0
DA:405,0
DA:408,2
LF:100
LH:13
BRDA:50,0,0,0
BRDA:50,0,1,0
BRDA:50,1,0,0
BRDA:50,1,1,0
BRDA:53,2,0,0
BRDA:53,2,1,0
BRDA:53,3,0,0
BRDA:53,3,1,0
BRDA:54,4,0,0
BRDA:54,4,1,0
BRDA:58,5,0,0
BRDA:58,5,1,0
BRDA:61,6,0,0
BRDA:61,6,1,0
BRDA:68,7,0,0
BRDA:68,7,1,0
BRDA:77,8,0,0
BRDA:77,8,1,0
BRDA:83,9,0,0
BRDA:83,9,1,0
BRDA:88,10,0,0
BRDA:88,10,1,0
BRDA:92,11,0,0
BRDA:92,11,1,0
BRDA:99,12,0,0
BRDA:99,12,1,0
BRDA:112,13,0,0
BRDA:112,13,1,0
BRDA:131,14,0,0
BRDA:131,14,1,0
BRDA:131,15,0,0
BRDA:131,15,1,0
BRDA:132,16,0,0
BRDA:132,16,1,0
BRDA:140,17,0,0
BRDA:140,17,1,0
BRDA:146,18,0,0
BRDA:146,18,1,0
BRDA:187,19,0,0
BRDA:187,19,1,0
BRDA:187,20,0,0
BRDA:187,20,1,0
BRDA:192,21,0,0
BRDA:192,21,1,0
BRDA:202,22,0,0
BRDA:202,22,1,0
BRDA:213,23,0,0
BRDA:213,23,1,0
BRDA:217,24,0,0
BRDA:217,24,1,0
BRDA:223,25,0,0
BRDA:223,25,1,0
BRDA:234,26,0,0
BRDA:234,26,1,0
BRDA:259,27,0,0
BRDA:259,27,1,0
BRDA:297,28,0,0
BRDA:297,28,1,0
BRDA:330,29,0,0
BRDA:330,29,1,0
BRDA:330,30,0,0
BRDA:330,30,1,0
BRDA:363,31,0,0
BRDA:363,31,1,0
BRDA:398,32,0,0
BRDA:398,32,1,0
BRDA:398,33,0,0
BRDA:398,33,1,0
BRF:68
BRH:0
end_of_record
TN:
SF:middleware\global-read-only.js
FN:29,(anonymous_0)
FNF:1
FNH:0
FNDA:0,(anonymous_0)
DA:27,2
DA:29,2
DA:31,0
DA:32,0
DA:39,0
DA:42,2
LF:6
LH:3
BRDA:31,0,0,0
BRDA:31,0,1,0
BRDA:31,1,0,0
BRDA:31,1,1,0
BRF:4
BRH:0
end_of_record
TN:
SF:middleware\pagination.js
FN:11,(anonymous_0)
FN:19,(anonymous_1)
FNF:2
FNH:1
FNDA:2,(anonymous_0)
FNDA:0,(anonymous_1)
DA:11,2
DA:17,2
DA:19,2
DA:21,0
DA:24,0
DA:25,0
DA:26,0
DA:27,0
DA:28,0
DA:32,0
DA:33,0
DA:36,0
DA:37,0
DA:41,0
DA:42,0
DA:46,0
DA:47,0
DA:50,0
DA:58,0
DA:62,2
LF:20
LH:4
BRDA:11,0,0,2
BRDA:13,1,0,2
BRDA:14,2,0,2
BRDA:15,3,0,2
BRDA:16,4,0,2
BRDA:24,5,0,0
BRDA:24,5,1,0
BRDA:25,6,0,0
BRDA:25,6,1,0
BRDA:25,7,0,0
BRDA:25,7,1,0
BRDA:27,8,0,0
BRDA:27,8,1,0
BRDA:32,9,0,0
BRDA:32,9,1,0
BRDA:33,10,0,0
BRDA:33,10,1,0
BRDA:36,11,0,0
BRDA:36,11,1,0
BRDA:36,12,0,0
BRDA:36,12,1,0
BRDA:41,13,0,0
BRDA:41,13,1,0
BRDA:41,14,0,0
BRDA:41,14,1,0
BRDA:46,15,0,0
BRDA:46,15,1,0
BRDA:47,16,0,0
BRDA:47,16,1,0
BRDA:53,17,0,0
BRDA:53,17,1,0
BRF:31
BRH:5
end_of_record
TN:
SF:models\user.js
FN:4,(anonymous_0)
FN:34,(anonymous_1)
FN:40,(anonymous_2)
FN:56,(anonymous_3)
FNF:4
FNH:2
FNDA:5,(anonymous_0)
FNDA:14,(anonymous_1)
FNDA:0,(anonymous_2)
FNDA:0,(anonymous_3)
DA:1,3
DA:2,3
DA:4,3
DA:5,5
DA:35,14
DA:36,14
DA:37,14
DA:41,0
DA:42,0
DA:43,0
DA:56,5
DA:57,0
DA:60,5
LF:13
LH:9
BRDA:35,0,0,14
BRDA:35,0,1,0
BRDA:41,1,0,0
BRDA:41,1,1,0
BRF:4
BRH:1
end_of_record
